<?xml version="1.0" encoding="UTF-8"?>
<testsuite xmlns:xsi="http://www.w3.org/2001/XMLSchema-instance" xsi:noNamespaceSchemaLocation="https://maven.apache.org/surefire/maven-surefire-plugin/xsd/surefire-test-report-3.0.xsd" version="3.0" name="com.storeproject.repository.ProductRepositoryTest" time="4.06" tests="3" errors="0" skipped="0" failures="0">
  <properties>
[...]
</properties>
  <testcase name="deleteById_shouldRemoveEntity" classname="com.storeproject.repository.ProductRepositoryTest" time="0.546">
    <system-out><![CDATA[10:13:56.412 [main] INFO org.springframework.test.context.support.AnnotationConfigContextLoaderUtils -- Could not detect default configuration classes for test class [com.storeproject.repository.ProductRepositoryTest]: ProductRepositoryTest does not declare any static, non-private, non-final, nested classes annotated with @Configuration.
10:13:56.529 [main] INFO org.springframework.boot.test.context.SpringBootTestContextBootstrapper -- Found @SpringBootConfiguration com.storeproject.Application for test class com.storeproject.repository.ProductRepositoryTest

  .   ____          _            __ _ _
 /\\ / ___'_ __ _ _(_)_ __  __ _ \ \ \ \
( ( )\___ | '_ | '_| | '_ \/ _` | \ \ \ \
 \\/  ___)| |_)| | | | | || (_| |  ) ) ) )
  '  |____| .__|_| |_|_| |_\__, | / / / /
 =========|_|==============|___/=/_/_/_/
 :: Spring Boot ::                (v3.2.5)

2026-03-18T10:13:56.869-05:00  INFO 37296 --- [           main] c.s.repository.ProductRepositoryTest     : Starting ProductRepositoryTest using Java 25.0.1 with PID 37296 (started by ngeti in C:\Users\ngeti\store-project)
2026-03-18T10:13:56.870-05:00  INFO 37296 --- [           main] c.s.repository.ProductRepositoryTest     : No active profile set, falling back to 1 default profile: "default"
2026-03-18T10:13:57.333-05:00  INFO 37296 --- [           main] .s.d.r.c.RepositoryConfigurationDelegate : Bootstrapping Spring Data JPA repositories in DEFAULT mode.
2026-03-18T10:13:57.392-05:00  INFO 37296 --- [           main] .s.d.r.c.RepositoryConfigurationDelegate : Finished Spring Data repository scanning in 53 ms. Found 9 JPA repository interfaces.
2026-03-18T10:13:57.444-05:00  INFO 37296 --- [           main] beddedDataSourceBeanFactoryPostProcessor : Replacing 'dataSource' DataSource bean with embedded version
2026-03-18T10:13:57.613-05:00  INFO 37296 --- [           main] o.s.j.d.e.EmbeddedDatabaseFactory        : Starting embedded database: url='jdbc:h2:mem:efef8361-e328-44ce-b46f-2b529a3f05eb;DB_CLOSE_DELAY=-1;DB_CLOSE_ON_EXIT=false', username='sa'
2026-03-18T10:13:57.841-05:00  INFO 37296 --- [           main] o.hibernate.jpa.internal.util.LogHelper  : HHH000204: Processing PersistenceUnitInfo [name: default]
2026-03-18T10:13:57.891-05:00  INFO 37296 --- [           main] org.hibernate.Version                    : HHH000412: Hibernate ORM core version 6.4.4.Final
2026-03-18T10:13:57.914-05:00  INFO 37296 --- [           main] o.h.c.internal.RegionFactoryInitiator    : HHH000026: Second-level cache disabled
2026-03-18T10:13:58.131-05:00  INFO 37296 --- [           main] o.s.o.j.p.SpringPersistenceUnitInfo      : No LoadTimeWeaver setup: ignoring JPA class transformer
2026-03-18T10:13:59.114-05:00  INFO 37296 --- [           main] o.h.e.t.j.p.i.JtaPlatformInitiator       : HHH000489: No JTA platform available (set 'hibernate.transaction.jta.platform' to enable JTA platform integration)
Hibernate: drop table if exists cart cascade 
Hibernate: drop table if exists cart_item cascade 
Hibernate: drop table if exists clothing cascade 
Hibernate: drop table if exists customer_orders cascade 
Hibernate: drop table if exists electronics cascade 
Hibernate: drop table if exists food cascade 
Hibernate: drop table if exists order_item cascade 
Hibernate: drop table if exists payment cascade 
Hibernate: drop table if exists product cascade 
Hibernate: drop table if exists users cascade 
Hibernate: drop sequence if exists cart_item_seq
Hibernate: drop sequence if exists cart_seq
Hibernate: drop sequence if exists customer_orders_seq
Hibernate: drop sequence if exists order_item_seq
Hibernate: drop sequence if exists payment_seq
Hibernate: drop sequence if exists product_seq
Hibernate: drop sequence if exists users_seq
Hibernate: create sequence cart_item_seq start with 1 increment by 50
Hibernate: create sequence cart_seq start with 1 increment by 50
Hibernate: create sequence customer_orders_seq start with 1 increment by 50
Hibernate: create sequence order_item_seq start with 1 increment by 50
Hibernate: create sequence payment_seq start with 1 increment by 50
Hibernate: create sequence product_seq start with 1 increment by 50
Hibernate: create sequence users_seq start with 1 increment by 50
Hibernate: create table cart (id bigint not null, user_id bigint unique, primary key (id))
Hibernate: create table cart_item (quantity integer, cart_id bigint, id bigint not null, prod_id bigint, primary key (id))
Hibernate: create table clothing (prod_id bigint not null, prod_color varchar(255), prod_size varchar(255), primary key (prod_id))
Hibernate: create table customer_orders (order_status tinyint check (order_status between 0 and 4), total float(53), id bigint not null, order_date timestamp(6), user_id bigint, address varchar(255), primary key (id))
Hibernate: create table electronics (product_version float(53), warranty_elegible boolean, warranty_period integer, prod_id bigint not null, primary key (prod_id))
Hibernate: create table food (calories integer not null, carbs integer not null, expiry_date date, fat integer not null, protein integer not null, prod_id bigint not null, primary key (prod_id))
Hibernate: create table order_item (price_at_purchase float(53) not null, order_id bigint, order_item_id bigint not null, prod_id bigint, primary key (order_item_id))
Hibernate: create table payment (id bigint not null, order_id bigint unique, ordered_at timestamp(6), uuid bigint, payment_method varchar(255), payment_status varchar(255) check (payment_status in ('SUCCESS','PENDING','FAILED')), primary key (id))
Hibernate: create table product (prod_price float(53) not null check (prod_price>=0), prod_stock integer not null check (prod_stock>=0), prod_id bigint not null, prod_category varchar(255) not null, prod_name varchar(255) not null, prod_type varchar(255) not null, primary key (prod_id))
Hibernate: create table users (user_id bigint generated by default as identity, address varchar(255), city varchar(255), email varchar(255) not null, fullname varchar(255) not null, password varchar(255) not null, state varchar(255), username varchar(255) not null, zip varchar(255), primary key (user_id))
Hibernate: alter table if exists cart add constraint FKg5uhi8vpsuy0lgloxk2h4w5o6 foreign key (user_id) references users
Hibernate: alter table if exists cart_item add constraint FK1uobyhgl1wvgt1jpccia8xxs3 foreign key (cart_id) references cart
Hibernate: alter table if exists cart_item add constraint FKp4d1u2xfeeow2v9oy9wnj2c2f foreign key (prod_id) references product
Hibernate: alter table if exists clothing add constraint FK2ofiaq7irbube781ya93y0gne foreign key (prod_id) references product
Hibernate: alter table if exists customer_orders add constraint FKt8e9kp8f6kmy0a3rytsmkkr8g foreign key (user_id) references users
Hibernate: alter table if exists electronics add constraint FK3gwcx4pgs7w5b5upy4jp4r38h foreign key (prod_id) references product
Hibernate: alter table if exists food add constraint FKno3cpm235ar2ce7i66f61ekbm foreign key (prod_id) references product
Hibernate: alter table if exists order_item add constraint FKmkduiirt9s4xnqq08hxi9lser foreign key (order_id) references customer_orders
Hibernate: alter table if exists order_item add constraint FKh7fcoq1i71e6wict6kpres3gh foreign key (prod_id) references product
Hibernate: alter table if exists payment add constraint FKlrjaw36oyfau5djoh1qti721c foreign key (order_id) references customer_orders
2026-03-18T10:13:59.167-05:00  INFO 37296 --- [           main] j.LocalContainerEntityManagerFactoryBean : Initialized JPA EntityManagerFactory for persistence unit 'default'
2026-03-18T10:13:59.744-05:00  INFO 37296 --- [           main] c.s.repository.ProductRepositoryTest     : Started ProductRepositoryTest in 3.167 seconds (process running for 3.993)
Hibernate: select next value for product_seq
Hibernate: select next value for product_seq
Hibernate: insert into product (prod_category,prod_name,prod_price,prod_stock,prod_type,prod_id) values (?,?,?,?,?,?)
Hibernate: insert into electronics (product_version,warranty_elegible,warranty_period,prod_id) values (?,?,?,?)
Hibernate: insert into product (prod_category,prod_name,prod_price,prod_stock,prod_type,prod_id) values (?,?,?,?,?,?)
Hibernate: insert into food (expiry_date,calories,carbs,fat,protein,prod_id) values (?,?,?,?,?,?)
Hibernate: insert into product (prod_category,prod_name,prod_price,prod_stock,prod_type,prod_id) values (?,?,?,?,?,?)
Hibernate: insert into clothing (prod_color,prod_size,prod_id) values (?,?,?)
Hibernate: delete from food where prod_id=?
Hibernate: delete from product where prod_id=?
Hibernate: select p1_0.prod_id,case when p1_1.prod_id is not null then 1 when p1_2.prod_id is not null then 2 when p1_3.prod_id is not null then 3 end,p1_0.prod_category,p1_0.prod_name,p1_0.prod_price,p1_0.prod_stock,p1_0.prod_type,p1_1.prod_color,p1_1.prod_size,p1_2.product_version,p1_2.warranty_elegible,p1_2.warranty_period,p1_3.expiry_date,p1_3.calories,p1_3.carbs,p1_3.fat,p1_3.protein from product p1_0 left join clothing p1_1 on p1_0.prod_id=p1_1.prod_id left join electronics p1_2 on p1_0.prod_id=p1_2.prod_id left join food p1_3 on p1_0.prod_id=p1_3.prod_id
]]></system-out>
    <system-err><![CDATA[WARNING: A Java agent has been loaded dynamically (C:\Users\ngeti\.m2\repository\net\bytebuddy\byte-buddy-agent\1.14.13\byte-buddy-agent-1.14.13.jar)
WARNING: If a serviceability tool is in use, please run with -XX:+EnableDynamicAgentLoading to hide this warning
WARNING: If a serviceability tool is not in use, please run with -Djdk.instrument.traceUsage for more information
WARNING: Dynamic loading of agents will be disallowed by default in a future release
]]></system-err>
  </testcase>
  <testcase name="save_shouldPersistEntity" classname="com.storeproject.repository.ProductRepositoryTest" time="0.019">
    <system-out><![CDATA[Hibernate: insert into product (prod_category,prod_name,prod_price,prod_stock,prod_type,prod_id) values (?,?,?,?,?,?)
Hibernate: insert into clothing (prod_color,prod_size,prod_id) values (?,?,?)
Hibernate: insert into product (prod_category,prod_name,prod_price,prod_stock,prod_type,prod_id) values (?,?,?,?,?,?)
Hibernate: insert into electronics (product_version,warranty_elegible,warranty_period,prod_id) values (?,?,?,?)
Hibernate: insert into product (prod_category,prod_name,prod_price,prod_stock,prod_type,prod_id) values (?,?,?,?,?,?)
Hibernate: insert into food (expiry_date,calories,carbs,fat,protein,prod_id) values (?,?,?,?,?,?)
Hibernate: select p1_0.prod_id,case when p1_1.prod_id is not null then 1 when p1_2.prod_id is not null then 2 when p1_3.prod_id is not null then 3 end,p1_0.prod_category,p1_0.prod_name,p1_0.prod_price,p1_0.prod_stock,p1_0.prod_type,p1_1.prod_color,p1_1.prod_size,p1_2.product_version,p1_2.warranty_elegible,p1_2.warranty_period,p1_3.expiry_date,p1_3.calories,p1_3.carbs,p1_3.fat,p1_3.protein from product p1_0 left join clothing p1_1 on p1_0.prod_id=p1_1.prod_id left join electronics p1_2 on p1_0.prod_id=p1_2.prod_id left join food p1_3 on p1_0.prod_id=p1_3.prod_id
]]></system-out>
  </testcase>
  <testcase name="findById_shouldReturnEntity_whenExistsEmpty_WhenDoesnt" classname="com.storeproject.repository.ProductRepositoryTest" time="0.01"/>
</testsuite>