<?xml version="1.0" encoding="UTF-8"?>
<testsuite xmlns:xsi="http://www.w3.org/2001/XMLSchema-instance" xsi:noNamespaceSchemaLocation="https://maven.apache.org/surefire/maven-surefire-plugin/xsd/surefire-test-report-3.0.xsd" version="3.0" name="com.storeproject.service.Order.CheckoutServiceTest" time="3.6" tests="1" errors="0" skipped="0" failures="0">
  <properties>
[...]
</properties>
  <testcase name="concurrectCheckoutTest" classname="com.storeproject.service.Order.CheckoutServiceTest" time="0.557">
    <system-out><![CDATA[2026-03-26T13:13:05.312-05:00  INFO 53516 --- [           main] t.c.s.AnnotationConfigContextLoaderUtils : Could not detect default configuration classes for test class [com.storeproject.service.Order.CheckoutServiceTest]: CheckoutServiceTest does not declare any static, non-private, non-final, nested classes annotated with @Configuration.
2026-03-26T13:13:05.337-05:00  INFO 53516 --- [           main] .b.t.c.SpringBootTestContextBootstrapper : Found @SpringBootConfiguration com.storeproject.Application for test class com.storeproject.service.Order.CheckoutServiceTest

  .   ____          _            __ _ _
 /\\ / ___'_ __ _ _(_)_ __  __ _ \ \ \ \
( ( )\___ | '_ | '_| | '_ \/ _` | \ \ \ \
 \\/  ___)| |_)| | | | | || (_| |  ) ) ) )
  '  |____| .__|_| |_|_| |_\__, | / / / /
 =========|_|==============|___/=/_/_/_/
 :: Spring Boot ::                (v3.2.5)

2026-03-26T13:13:05.405-05:00  INFO 53516 --- [           main] c.s.service.Order.CheckoutServiceTest    : Starting CheckoutServiceTest using Java 25.0.1 with PID 53516 (started by ngeti in C:\Users\ngeti\store-project)
2026-03-26T13:13:05.406-05:00  INFO 53516 --- [           main] c.s.service.Order.CheckoutServiceTest    : The following 1 profile is active: "test"
2026-03-26T13:13:06.000-05:00  INFO 53516 --- [           main] .s.d.r.c.RepositoryConfigurationDelegate : Bootstrapping Spring Data JPA repositories in DEFAULT mode.
2026-03-26T13:13:06.044-05:00  INFO 53516 --- [           main] .s.d.r.c.RepositoryConfigurationDelegate : Finished Spring Data repository scanning in 43 ms. Found 9 JPA repository interfaces.
2026-03-26T13:13:06.480-05:00  INFO 53516 --- [           main] o.hibernate.jpa.internal.util.LogHelper  : HHH000204: Processing PersistenceUnitInfo [name: default]
2026-03-26T13:13:06.485-05:00  INFO 53516 --- [           main] o.h.c.internal.RegionFactoryInitiator    : HHH000026: Second-level cache disabled
2026-03-26T13:13:06.497-05:00  INFO 53516 --- [           main] o.s.o.j.p.SpringPersistenceUnitInfo      : No LoadTimeWeaver setup: ignoring JPA class transformer
2026-03-26T13:13:06.500-05:00  INFO 53516 --- [           main] com.zaxxer.hikari.HikariDataSource       : HikariPool-1 - Starting...
2026-03-26T13:13:06.527-05:00  INFO 53516 --- [           main] com.zaxxer.hikari.pool.HikariPool        : HikariPool-1 - Added connection conn14: url=jdbc:h2:mem:testdb user=USERNAME
2026-03-26T13:13:06.529-05:00  INFO 53516 --- [           main] com.zaxxer.hikari.HikariDataSource       : HikariPool-1 - Start completed.
2026-03-26T13:13:06.535-05:00  WARN 53516 --- [           main] org.hibernate.orm.deprecation            : HHH90000025: H2Dialect does not need to be specified explicitly using 'hibernate.dialect' (remove the property setting and it will be selected by default)
2026-03-26T13:13:06.794-05:00  INFO 53516 --- [           main] o.h.e.t.j.p.i.JtaPlatformInitiator       : HHH000489: No JTA platform available (set 'hibernate.transaction.jta.platform' to enable JTA platform integration)
Hibernate: 
    drop table if exists cart cascade 
Hibernate: 
    drop table if exists cart_item cascade 
Hibernate: 
    drop table if exists clothing cascade 
Hibernate: 
    drop table if exists customer_orders cascade 
Hibernate: 
    drop table if exists electronics cascade 
Hibernate: 
    drop table if exists food cascade 
Hibernate: 
    drop table if exists order_item cascade 
Hibernate: 
    drop table if exists payment cascade 
Hibernate: 
    drop table if exists product cascade 
Hibernate: 
    drop table if exists users cascade 
Hibernate: 
    drop sequence if exists cart_item_seq
Hibernate: 
    drop sequence if exists cart_seq
Hibernate: 
    drop sequence if exists customer_orders_seq
Hibernate: 
    drop sequence if exists order_item_seq
Hibernate: 
    drop sequence if exists payment_seq
Hibernate: 
    drop sequence if exists product_seq
Hibernate: 
    drop sequence if exists users_seq
Hibernate: 
    create sequence cart_item_seq start with 1 increment by 50
Hibernate: 
    create sequence cart_seq start with 1 increment by 50
Hibernate: 
    create sequence customer_orders_seq start with 1 increment by 50
Hibernate: 
    create sequence order_item_seq start with 1 increment by 50
Hibernate: 
    create sequence payment_seq start with 1 increment by 50
Hibernate: 
    create sequence product_seq start with 1 increment by 50
Hibernate: 
    create sequence users_seq start with 1 increment by 50
Hibernate: 
    create table cart (
        id bigint not null,
        user_id bigint unique,
        primary key (id)
    )
Hibernate: 
    create table cart_item (
        quantity integer,
        cart_id bigint,
        id bigint not null,
        prod_id bigint,
        primary key (id)
    )
Hibernate: 
    create table clothing (
        prod_id bigint not null,
        prod_color varchar(255),
        prod_size varchar(255),
        primary key (prod_id)
    )
Hibernate: 
    create table customer_orders (
        order_status tinyint check (order_status between 0 and 4),
        total float(53),
        id bigint not null,
        order_date timestamp(6),
        user_id bigint,
        address varchar(255),
        primary key (id)
    )
Hibernate: 
    create table electronics (
        product_version float(53),
        warranty_elegible boolean,
        warranty_period integer,
        prod_id bigint not null,
        primary key (prod_id)
    )
Hibernate: 
    create table food (
        calories integer not null,
        carbs integer not null,
        expiry_date date,
        fat integer not null,
        protein integer not null,
        prod_id bigint not null,
        primary key (prod_id)
    )
Hibernate: 
    create table order_item (
        price_at_purchase float(53) not null,
        quantity integer,
        order_id bigint,
        order_item_id bigint not null,
        prod_id bigint,
        primary key (order_item_id)
    )
Hibernate: 
    create table payment (
        id bigint not null,
        order_id bigint unique,
        ordered_at timestamp(6),
        uuid bigint,
        payment_method varchar(255),
        payment_status varchar(255) check (payment_status in ('SUCCESS','PENDING','FAILED')),
        primary key (id)
    )
Hibernate: 
    create table product (
        prod_price float(53) not null check (prod_price>=0),
        prod_stock integer not null check (prod_stock>=0),
        version integer not null,
        prod_id bigint not null,
        prod_category varchar(255) not null,
        prod_name varchar(255) not null,
        prod_type varchar(255) not null,
        primary key (prod_id)
    )
Hibernate: 
    create table users (
        user_id bigint generated by default as identity,
        address varchar(255),
        city varchar(255),
        email varchar(255) not null,
        fullname varchar(255) not null,
        password varchar(255) not null,
        state varchar(255),
        username varchar(255) not null,
        zip varchar(255),
        primary key (user_id)
    )
Hibernate: 
    alter table if exists cart 
       add constraint FKg5uhi8vpsuy0lgloxk2h4w5o6 
       foreign key (user_id) 
       references users
Hibernate: 
    alter table if exists cart_item 
       add constraint FK1uobyhgl1wvgt1jpccia8xxs3 
       foreign key (cart_id) 
       references cart
Hibernate: 
    alter table if exists cart_item 
       add constraint FKp4d1u2xfeeow2v9oy9wnj2c2f 
       foreign key (prod_id) 
       references product
Hibernate: 
    alter table if exists clothing 
       add constraint FK2ofiaq7irbube781ya93y0gne 
       foreign key (prod_id) 
       references product
Hibernate: 
    alter table if exists customer_orders 
       add constraint FKt8e9kp8f6kmy0a3rytsmkkr8g 
       foreign key (user_id) 
       references users
Hibernate: 
    alter table if exists electronics 
       add constraint FK3gwcx4pgs7w5b5upy4jp4r38h 
       foreign key (prod_id) 
       references product
Hibernate: 
    alter table if exists food 
       add constraint FKno3cpm235ar2ce7i66f61ekbm 
       foreign key (prod_id) 
       references product
Hibernate: 
    alter table if exists order_item 
       add constraint FKmkduiirt9s4xnqq08hxi9lser 
       foreign key (order_id) 
       references customer_orders
Hibernate: 
    alter table if exists order_item 
       add constraint FKh7fcoq1i71e6wict6kpres3gh 
       foreign key (prod_id) 
       references product
Hibernate: 
    alter table if exists payment 
       add constraint FKlrjaw36oyfau5djoh1qti721c 
       foreign key (order_id) 
       references customer_orders
2026-03-26T13:13:06.817-05:00  INFO 53516 --- [           main] j.LocalContainerEntityManagerFactoryBean : Initialized JPA EntityManagerFactory for persistence unit 'default'
2026-03-26T13:13:07.088-05:00  WARN 53516 --- [           main] JpaBaseConfiguration$JpaWebConfiguration : spring.jpa.open-in-view is enabled by default. Therefore, database queries may be performed during view rendering. Explicitly configure spring.jpa.open-in-view to disable this warning
2026-03-26T13:13:07.684-05:00  INFO 53516 --- [           main] o.s.s.web.DefaultSecurityFilterChain     : Will secure any request with [org.springframework.security.web.session.DisableEncodeUrlFilter@b96101b, org.springframework.security.web.context.request.async.WebAsyncManagerIntegrationFilter@6760a91d, org.springframework.security.web.context.SecurityContextHolderFilter@6f78eb17, org.springframework.security.web.header.HeaderWriterFilter@26d68ea4, org.springframework.web.filter.CorsFilter@7953699e, org.springframework.security.web.authentication.logout.LogoutFilter@681285ec, org.springframework.security.web.authentication.UsernamePasswordAuthenticationFilter@6d1101eb, org.springframework.security.web.savedrequest.RequestCacheAwareFilter@13b6f82d, org.springframework.security.web.servletapi.SecurityContextHolderAwareRequestFilter@2f062dbc, org.springframework.security.web.authentication.AnonymousAuthenticationFilter@7de922ba, org.springframework.security.web.access.ExceptionTranslationFilter@6385af63, org.springframework.security.web.access.intercept.AuthorizationFilter@263fc5f3]
2026-03-26T13:13:08.213-05:00  INFO 53516 --- [           main] o.s.b.a.h2.H2ConsoleAutoConfiguration    : H2 console available at '/h2-console'. Database available at 'jdbc:h2:mem:testdb'
2026-03-26T13:13:08.329-05:00  INFO 53516 --- [           main] c.s.service.Order.CheckoutServiceTest    : Started CheckoutServiceTest in 2.964 seconds (process running for 10.985)
Hibernate: 
    select
        next value for product_seq
Hibernate: 
    insert 
    into
        product
        (version, prod_category, prod_name, prod_price, prod_stock, prod_type, prod_id) 
    values
        (?, ?, ?, ?, ?, ?, ?)
Hibernate: 
    insert 
    into
        electronics
        (product_version, warranty_elegible, warranty_period, prod_id) 
    values
        (?, ?, ?, ?)
Hibernate: 
    insert 
    into
        users
        (address, city, email, fullname, password, state, username, zip, user_id) 
    values
        (?, ?, ?, ?, ?, ?, ?, ?, default)
Hibernate: 
    select
        next value for cart_seq
Hibernate: 
    insert 
    into
        cart
        (user_id, id) 
    values
        (?, ?)
Hibernate: 
    select
        next value for cart_item_seq
Hibernate: 
    insert 
    into
        cart_item
        (cart_id, prod_id, quantity, id) 
    values
        (?, ?, ?, ?)
Hibernate: 
    insert 
    into
        users
        (address, city, email, fullname, password, state, username, zip, user_id) 
    values
        (?, ?, ?, ?, ?, ?, ?, ?, default)
Hibernate: 
    select
        next value for cart_seq
Hibernate: 
    insert 
    into
        cart
        (user_id, id) 
    values
        (?, ?)
Hibernate: 
    select
        next value for cart_item_seq
Hibernate: 
    insert 
    into
        cart_item
        (cart_id, prod_id, quantity, id) 
    values
        (?, ?, ?, ?)
Hibernate: 
    insert 
    into
        users
        (address, city, email, fullname, password, state, username, zip, user_id) 
    values
        (?, ?, ?, ?, ?, ?, ?, ?, default)
Hibernate: 
    insert 
    into
        cart
        (user_id, id) 
    values
        (?, ?)
Hibernate: 
    insert 
    into
        cart_item
        (cart_id, prod_id, quantity, id) 
    values
        (?, ?, ?, ?)
Hibernate: 
    insert 
    into
        users
        (address, city, email, fullname, password, state, username, zip, user_id) 
    values
        (?, ?, ?, ?, ?, ?, ?, ?, default)
Hibernate: 
    insert 
    into
        cart
        (user_id, id) 
    values
        (?, ?)
Hibernate: 
    insert 
    into
        cart_item
        (cart_id, prod_id, quantity, id) 
    values
        (?, ?, ?, ?)
Hibernate: 
    insert 
    into
        users
        (address, city, email, fullname, password, state, username, zip, user_id) 
    values
        (?, ?, ?, ?, ?, ?, ?, ?, default)
Hibernate: 
    insert 
    into
        cart
        (user_id, id) 
    values
        (?, ?)
Hibernate: 
    insert 
    into
        cart_item
        (cart_id, prod_id, quantity, id) 
    values
        (?, ?, ?, ?)
Hibernate: 
    insert 
    into
        users
        (address, city, email, fullname, password, state, username, zip, user_id) 
    values
        (?, ?, ?, ?, ?, ?, ?, ?, default)
Hibernate: 
    insert 
    into
        cart
        (user_id, id) 
    values
        (?, ?)
Hibernate: 
    insert 
    into
        cart_item
        (cart_id, prod_id, quantity, id) 
    values
        (?, ?, ?, ?)
Hibernate: 
    insert 
    into
        users
        (address, city, email, fullname, password, state, username, zip, user_id) 
    values
        (?, ?, ?, ?, ?, ?, ?, ?, default)
Hibernate: 
    insert 
    into
        cart
        (user_id, id) 
    values
        (?, ?)
Hibernate: 
    insert 
    into
        cart_item
        (cart_id, prod_id, quantity, id) 
    values
        (?, ?, ?, ?)
Hibernate: 
    insert 
    into
        users
        (address, city, email, fullname, password, state, username, zip, user_id) 
    values
        (?, ?, ?, ?, ?, ?, ?, ?, default)
Hibernate: 
    insert 
    into
        cart
        (user_id, id) 
    values
        (?, ?)
Hibernate: 
    insert 
    into
        cart_item
        (cart_id, prod_id, quantity, id) 
    values
        (?, ?, ?, ?)
Hibernate: 
    insert 
    into
        users
        (address, city, email, fullname, password, state, username, zip, user_id) 
    values
        (?, ?, ?, ?, ?, ?, ?, ?, default)
Hibernate: 
    insert 
    into
        cart
        (user_id, id) 
    values
        (?, ?)
Hibernate: 
    insert 
    into
        cart_item
        (cart_id, prod_id, quantity, id) 
    values
        (?, ?, ?, ?)
Hibernate: 
    insert 
    into
        users
        (address, city, email, fullname, password, state, username, zip, user_id) 
    values
        (?, ?, ?, ?, ?, ?, ?, ?, default)
Hibernate: 
    insert 
    into
        cart
        (user_id, id) 
    values
        (?, ?)
Hibernate: 
    insert 
    into
        cart_item
        (cart_id, prod_id, quantity, id) 
    values
        (?, ?, ?, ?)
Hibernate: 
    insert 
    into
        users
        (address, city, email, fullname, password, state, username, zip, user_id) 
    values
        (?, ?, ?, ?, ?, ?, ?, ?, default)
Hibernate: 
    insert 
    into
        cart
        (user_id, id) 
    values
        (?, ?)
Hibernate: 
    insert 
    into
        cart_item
        (cart_id, prod_id, quantity, id) 
    values
        (?, ?, ?, ?)
Hibernate: 
    insert 
    into
        users
        (address, city, email, fullname, password, state, username, zip, user_id) 
    values
        (?, ?, ?, ?, ?, ?, ?, ?, default)
Hibernate: 
    insert 
    into
        cart
        (user_id, id) 
    values
        (?, ?)
Hibernate: 
    insert 
    into
        cart_item
        (cart_id, prod_id, quantity, id) 
    values
        (?, ?, ?, ?)
Hibernate: 
    insert 
    into
        users
        (address, city, email, fullname, password, state, username, zip, user_id) 
    values
        (?, ?, ?, ?, ?, ?, ?, ?, default)
Hibernate: 
    insert 
    into
        cart
        (user_id, id) 
    values
        (?, ?)
Hibernate: 
    insert 
    into
        cart_item
        (cart_id, prod_id, quantity, id) 
    values
        (?, ?, ?, ?)
Hibernate: 
    insert 
    into
        users
        (address, city, email, fullname, password, state, username, zip, user_id) 
    values
        (?, ?, ?, ?, ?, ?, ?, ?, default)
Hibernate: 
    insert 
    into
        cart
        (user_id, id) 
    values
        (?, ?)
Hibernate: 
    insert 
    into
        cart_item
        (cart_id, prod_id, quantity, id) 
    values
        (?, ?, ?, ?)
Hibernate: 
    insert 
    into
        users
        (address, city, email, fullname, password, state, username, zip, user_id) 
    values
        (?, ?, ?, ?, ?, ?, ?, ?, default)
Hibernate: 
    insert 
    into
        cart
        (user_id, id) 
    values
        (?, ?)
Hibernate: 
    insert 
    into
        cart_item
        (cart_id, prod_id, quantity, id) 
    values
        (?, ?, ?, ?)
Hibernate: 
    insert 
    into
        users
        (address, city, email, fullname, password, state, username, zip, user_id) 
    values
        (?, ?, ?, ?, ?, ?, ?, ?, default)
Hibernate: 
    insert 
    into
        cart
        (user_id, id) 
    values
        (?, ?)
Hibernate: 
    insert 
    into
        cart_item
        (cart_id, prod_id, quantity, id) 
    values
        (?, ?, ?, ?)
Hibernate: 
    insert 
    into
        users
        (address, city, email, fullname, password, state, username, zip, user_id) 
    values
        (?, ?, ?, ?, ?, ?, ?, ?, default)
Hibernate: 
    insert 
    into
        cart
        (user_id, id) 
    values
        (?, ?)
Hibernate: 
    insert 
    into
        cart_item
        (cart_id, prod_id, quantity, id) 
    values
        (?, ?, ?, ?)
Hibernate: 
    insert 
    into
        users
        (address, city, email, fullname, password, state, username, zip, user_id) 
    values
        (?, ?, ?, ?, ?, ?, ?, ?, default)
Hibernate: 
    insert 
    into
        cart
        (user_id, id) 
    values
        (?, ?)
Hibernate: 
    insert 
    into
        cart_item
        (cart_id, prod_id, quantity, id) 
    values
        (?, ?, ?, ?)
Hibernate: 
    insert 
    into
        users
        (address, city, email, fullname, password, state, username, zip, user_id) 
    values
        (?, ?, ?, ?, ?, ?, ?, ?, default)
Hibernate: 
    insert 
    into
        cart
        (user_id, id) 
    values
        (?, ?)
Hibernate: 
    insert 
    into
        cart_item
        (cart_id, prod_id, quantity, id) 
    values
        (?, ?, ?, ?)
Hibernate: 
    insert 
    into
        users
        (address, city, email, fullname, password, state, username, zip, user_id) 
    values
        (?, ?, ?, ?, ?, ?, ?, ?, default)
Hibernate: 
    insert 
    into
        cart
        (user_id, id) 
    values
        (?, ?)
Hibernate: 
    insert 
    into
        cart_item
        (cart_id, prod_id, quantity, id) 
    values
        (?, ?, ?, ?)
Hibernate: 
    insert 
    into
        users
        (address, city, email, fullname, password, state, username, zip, user_id) 
    values
        (?, ?, ?, ?, ?, ?, ?, ?, default)
Hibernate: 
    insert 
    into
        cart
        (user_id, id) 
    values
        (?, ?)
Hibernate: 
    insert 
    into
        cart_item
        (cart_id, prod_id, quantity, id) 
    values
        (?, ?, ?, ?)
Hibernate: 
    insert 
    into
        users
        (address, city, email, fullname, password, state, username, zip, user_id) 
    values
        (?, ?, ?, ?, ?, ?, ?, ?, default)
Hibernate: 
    insert 
    into
        cart
        (user_id, id) 
    values
        (?, ?)
Hibernate: 
    insert 
    into
        cart_item
        (cart_id, prod_id, quantity, id) 
    values
        (?, ?, ?, ?)
Hibernate: 
    insert 
    into
        users
        (address, city, email, fullname, password, state, username, zip, user_id) 
    values
        (?, ?, ?, ?, ?, ?, ?, ?, default)
Hibernate: 
    insert 
    into
        cart
        (user_id, id) 
    values
        (?, ?)
Hibernate: 
    insert 
    into
        cart_item
        (cart_id, prod_id, quantity, id) 
    values
        (?, ?, ?, ?)
Hibernate: 
    insert 
    into
        users
        (address, city, email, fullname, password, state, username, zip, user_id) 
    values
        (?, ?, ?, ?, ?, ?, ?, ?, default)
Hibernate: 
    insert 
    into
        cart
        (user_id, id) 
    values
        (?, ?)
Hibernate: 
    insert 
    into
        cart_item
        (cart_id, prod_id, quantity, id) 
    values
        (?, ?, ?, ?)
Hibernate: 
    insert 
    into
        users
        (address, city, email, fullname, password, state, username, zip, user_id) 
    values
        (?, ?, ?, ?, ?, ?, ?, ?, default)
Hibernate: 
    insert 
    into
        cart
        (user_id, id) 
    values
        (?, ?)
Hibernate: 
    insert 
    into
        cart_item
        (cart_id, prod_id, quantity, id) 
    values
        (?, ?, ?, ?)
Hibernate: 
    insert 
    into
        users
        (address, city, email, fullname, password, state, username, zip, user_id) 
    values
        (?, ?, ?, ?, ?, ?, ?, ?, default)
Hibernate: 
    insert 
    into
        cart
        (user_id, id) 
    values
        (?, ?)
Hibernate: 
    insert 
    into
        cart_item
        (cart_id, prod_id, quantity, id) 
    values
        (?, ?, ?, ?)
Hibernate: 
    insert 
    into
        users
        (address, city, email, fullname, password, state, username, zip, user_id) 
    values
        (?, ?, ?, ?, ?, ?, ?, ?, default)
Hibernate: 
    insert 
    into
        cart
        (user_id, id) 
    values
        (?, ?)
Hibernate: 
    insert 
    into
        cart_item
        (cart_id, prod_id, quantity, id) 
    values
        (?, ?, ?, ?)
Hibernate: 
    insert 
    into
        users
        (address, city, email, fullname, password, state, username, zip, user_id) 
    values
        (?, ?, ?, ?, ?, ?, ?, ?, default)
Hibernate: 
    insert 
    into
        cart
        (user_id, id) 
    values
        (?, ?)
Hibernate: 
    insert 
    into
        cart_item
        (cart_id, prod_id, quantity, id) 
    values
        (?, ?, ?, ?)
Hibernate: 
    insert 
    into
        users
        (address, city, email, fullname, password, state, username, zip, user_id) 
    values
        (?, ?, ?, ?, ?, ?, ?, ?, default)
Hibernate: 
    insert 
    into
        cart
        (user_id, id) 
    values
        (?, ?)
Hibernate: 
    insert 
    into
        cart_item
        (cart_id, prod_id, quantity, id) 
    values
        (?, ?, ?, ?)
Hibernate: 
    insert 
    into
        users
        (address, city, email, fullname, password, state, username, zip, user_id) 
    values
        (?, ?, ?, ?, ?, ?, ?, ?, default)
Hibernate: 
    insert 
    into
        cart
        (user_id, id) 
    values
        (?, ?)
Hibernate: 
    insert 
    into
        cart_item
        (cart_id, prod_id, quantity, id) 
    values
        (?, ?, ?, ?)
Hibernate: 
    insert 
    into
        users
        (address, city, email, fullname, password, state, username, zip, user_id) 
    values
        (?, ?, ?, ?, ?, ?, ?, ?, default)
Hibernate: 
    insert 
    into
        cart
        (user_id, id) 
    values
        (?, ?)
Hibernate: 
    insert 
    into
        cart_item
        (cart_id, prod_id, quantity, id) 
    values
        (?, ?, ?, ?)
Hibernate: 
    insert 
    into
        users
        (address, city, email, fullname, password, state, username, zip, user_id) 
    values
        (?, ?, ?, ?, ?, ?, ?, ?, default)
Hibernate: 
    insert 
    into
        cart
        (user_id, id) 
    values
        (?, ?)
Hibernate: 
    insert 
    into
        cart_item
        (cart_id, prod_id, quantity, id) 
    values
        (?, ?, ?, ?)
Hibernate: 
    insert 
    into
        users
        (address, city, email, fullname, password, state, username, zip, user_id) 
    values
        (?, ?, ?, ?, ?, ?, ?, ?, default)
Hibernate: 
    insert 
    into
        cart
        (user_id, id) 
    values
        (?, ?)
Hibernate: 
    insert 
    into
        cart_item
        (cart_id, prod_id, quantity, id) 
    values
        (?, ?, ?, ?)
Hibernate: 
    insert 
    into
        users
        (address, city, email, fullname, password, state, username, zip, user_id) 
    values
        (?, ?, ?, ?, ?, ?, ?, ?, default)
Hibernate: 
    insert 
    into
        cart
        (user_id, id) 
    values
        (?, ?)
Hibernate: 
    insert 
    into
        cart_item
        (cart_id, prod_id, quantity, id) 
    values
        (?, ?, ?, ?)
Hibernate: 
    insert 
    into
        users
        (address, city, email, fullname, password, state, username, zip, user_id) 
    values
        (?, ?, ?, ?, ?, ?, ?, ?, default)
Hibernate: 
    insert 
    into
        cart
        (user_id, id) 
    values
        (?, ?)
Hibernate: 
    insert 
    into
        cart_item
        (cart_id, prod_id, quantity, id) 
    values
        (?, ?, ?, ?)
Hibernate: 
    insert 
    into
        users
        (address, city, email, fullname, password, state, username, zip, user_id) 
    values
        (?, ?, ?, ?, ?, ?, ?, ?, default)
Hibernate: 
    insert 
    into
        cart
        (user_id, id) 
    values
        (?, ?)
Hibernate: 
    insert 
    into
        cart_item
        (cart_id, prod_id, quantity, id) 
    values
        (?, ?, ?, ?)
Hibernate: 
    insert 
    into
        users
        (address, city, email, fullname, password, state, username, zip, user_id) 
    values
        (?, ?, ?, ?, ?, ?, ?, ?, default)
Hibernate: 
    insert 
    into
        cart
        (user_id, id) 
    values
        (?, ?)
Hibernate: 
    insert 
    into
        cart_item
        (cart_id, prod_id, quantity, id) 
    values
        (?, ?, ?, ?)
Hibernate: 
    insert 
    into
        users
        (address, city, email, fullname, password, state, username, zip, user_id) 
    values
        (?, ?, ?, ?, ?, ?, ?, ?, default)
Hibernate: 
    insert 
    into
        cart
        (user_id, id) 
    values
        (?, ?)
Hibernate: 
    insert 
    into
        cart_item
        (cart_id, prod_id, quantity, id) 
    values
        (?, ?, ?, ?)
Hibernate: 
    insert 
    into
        users
        (address, city, email, fullname, password, state, username, zip, user_id) 
    values
        (?, ?, ?, ?, ?, ?, ?, ?, default)
Hibernate: 
    insert 
    into
        cart
        (user_id, id) 
    values
        (?, ?)
Hibernate: 
    insert 
    into
        cart_item
        (cart_id, prod_id, quantity, id) 
    values
        (?, ?, ?, ?)
Hibernate: 
    insert 
    into
        users
        (address, city, email, fullname, password, state, username, zip, user_id) 
    values
        (?, ?, ?, ?, ?, ?, ?, ?, default)
Hibernate: 
    insert 
    into
        cart
        (user_id, id) 
    values
        (?, ?)
Hibernate: 
    insert 
    into
        cart_item
        (cart_id, prod_id, quantity, id) 
    values
        (?, ?, ?, ?)
Hibernate: 
    insert 
    into
        users
        (address, city, email, fullname, password, state, username, zip, user_id) 
    values
        (?, ?, ?, ?, ?, ?, ?, ?, default)
Hibernate: 
    insert 
    into
        cart
        (user_id, id) 
    values
        (?, ?)
Hibernate: 
    insert 
    into
        cart_item
        (cart_id, prod_id, quantity, id) 
    values
        (?, ?, ?, ?)
Hibernate: 
    insert 
    into
        users
        (address, city, email, fullname, password, state, username, zip, user_id) 
    values
        (?, ?, ?, ?, ?, ?, ?, ?, default)
Hibernate: 
    insert 
    into
        cart
        (user_id, id) 
    values
        (?, ?)
Hibernate: 
    insert 
    into
        cart_item
        (cart_id, prod_id, quantity, id) 
    values
        (?, ?, ?, ?)
Hibernate: 
    insert 
    into
        users
        (address, city, email, fullname, password, state, username, zip, user_id) 
    values
        (?, ?, ?, ?, ?, ?, ?, ?, default)
Hibernate: 
    insert 
    into
        cart
        (user_id, id) 
    values
        (?, ?)
Hibernate: 
    insert 
    into
        cart_item
        (cart_id, prod_id, quantity, id) 
    values
        (?, ?, ?, ?)
Hibernate: 
    insert 
    into
        users
        (address, city, email, fullname, password, state, username, zip, user_id) 
    values
        (?, ?, ?, ?, ?, ?, ?, ?, default)
Hibernate: 
    insert 
    into
        cart
        (user_id, id) 
    values
        (?, ?)
Hibernate: 
    insert 
    into
        cart_item
        (cart_id, prod_id, quantity, id) 
    values
        (?, ?, ?, ?)
Hibernate: 
    insert 
    into
        users
        (address, city, email, fullname, password, state, username, zip, user_id) 
    values
        (?, ?, ?, ?, ?, ?, ?, ?, default)
Hibernate: 
    insert 
    into
        cart
        (user_id, id) 
    values
        (?, ?)
Hibernate: 
    insert 
    into
        cart_item
        (cart_id, prod_id, quantity, id) 
    values
        (?, ?, ?, ?)
Hibernate: 
    insert 
    into
        users
        (address, city, email, fullname, password, state, username, zip, user_id) 
    values
        (?, ?, ?, ?, ?, ?, ?, ?, default)
Hibernate: 
    insert 
    into
        cart
        (user_id, id) 
    values
        (?, ?)
Hibernate: 
    insert 
    into
        cart_item
        (cart_id, prod_id, quantity, id) 
    values
        (?, ?, ?, ?)
Hibernate: 
    insert 
    into
        users
        (address, city, email, fullname, password, state, username, zip, user_id) 
    values
        (?, ?, ?, ?, ?, ?, ?, ?, default)
Hibernate: 
    insert 
    into
        cart
        (user_id, id) 
    values
        (?, ?)
Hibernate: 
    insert 
    into
        cart_item
        (cart_id, prod_id, quantity, id) 
    values
        (?, ?, ?, ?)
Hibernate: 
    insert 
    into
        users
        (address, city, email, fullname, password, state, username, zip, user_id) 
    values
        (?, ?, ?, ?, ?, ?, ?, ?, default)
Hibernate: 
    insert 
    into
        cart
        (user_id, id) 
    values
        (?, ?)
Hibernate: 
    insert 
    into
        cart_item
        (cart_id, prod_id, quantity, id) 
    values
        (?, ?, ?, ?)
Hibernate: 
    insert 
    into
        users
        (address, city, email, fullname, password, state, username, zip, user_id) 
    values
        (?, ?, ?, ?, ?, ?, ?, ?, default)
Hibernate: 
    insert 
    into
        cart
        (user_id, id) 
    values
        (?, ?)
Hibernate: 
    insert 
    into
        cart_item
        (cart_id, prod_id, quantity, id) 
    values
        (?, ?, ?, ?)
Hibernate: 
    insert 
    into
        users
        (address, city, email, fullname, password, state, username, zip, user_id) 
    values
        (?, ?, ?, ?, ?, ?, ?, ?, default)
Hibernate: 
    insert 
    into
        cart
        (user_id, id) 
    values
        (?, ?)
Hibernate: 
    insert 
    into
        cart_item
        (cart_id, prod_id, quantity, id) 
    values
        (?, ?, ?, ?)
Hibernate: 
    select
        u1_0.user_id,
        u1_0.address,
        u1_0.city,
        u1_0.email,
        u1_0.fullname,
        u1_0.password,
        u1_0.state,
        u1_0.username,
        u1_0.zip 
    from
        users u1_0 
    where
        u1_0.username=?
Hibernate: 
    select
        u1_0.user_id,
        u1_0.address,
        u1_0.city,
        u1_0.email,
        u1_0.fullname,
        u1_0.password,
        u1_0.state,
        u1_0.username,
        u1_0.zip 
    from
        users u1_0 
    where
        u1_0.username=?
Hibernate: 
    select
        u1_0.user_id,
        u1_0.address,
        u1_0.city,
        u1_0.email,
        u1_0.fullname,
        u1_0.password,
        u1_0.state,
        u1_0.username,
        u1_0.zip 
    from
        users u1_0 
    where
        u1_0.username=?
Hibernate: 
    select
        u1_0.user_id,
        u1_0.address,
        u1_0.city,
        u1_0.email,
        u1_0.fullname,
        u1_0.password,
        u1_0.state,
        u1_0.username,
        u1_0.zip 
    from
        users u1_0 
    where
        u1_0.username=?
Hibernate: 
    select
        u1_0.user_id,
        u1_0.address,
        u1_0.city,
        u1_0.email,
        u1_0.fullname,
        u1_0.password,
        u1_0.state,
        u1_0.username,
        u1_0.zip 
    from
        users u1_0 
    where
        u1_0.username=?
Hibernate: 
    select
        u1_0.user_id,
        u1_0.address,
        u1_0.city,
        u1_0.email,
        u1_0.fullname,
        u1_0.password,
        u1_0.state,
        u1_0.username,
        u1_0.zip 
    from
        users u1_0 
    where
        u1_0.username=?
Hibernate: 
    select
        u1_0.user_id,
        u1_0.address,
        u1_0.city,
        u1_0.email,
        u1_0.fullname,
        u1_0.password,
        u1_0.state,
        u1_0.username,
        u1_0.zip 
    from
        users u1_0 
    where
        u1_0.username=?
Hibernate: 
    select
        u1_0.user_id,
        u1_0.address,
        u1_0.city,
        u1_0.email,
        u1_0.fullname,
        u1_0.password,
        u1_0.state,
        u1_0.username,
        u1_0.zip 
    from
        users u1_0 
    where
        u1_0.username=?
Hibernate: 
    select
        u1_0.user_id,
        u1_0.address,
        u1_0.city,
        u1_0.email,
        u1_0.fullname,
        u1_0.password,
        u1_0.state,
        u1_0.username,
        u1_0.zip 
    from
        users u1_0 
    where
        u1_0.username=?
Hibernate: 
    select
        u1_0.user_id,
        u1_0.address,
        u1_0.city,
        u1_0.email,
        u1_0.fullname,
        u1_0.password,
        u1_0.state,
        u1_0.username,
        u1_0.zip 
    from
        users u1_0 
    where
        u1_0.username=?
Hibernate: 
    select
        c1_0.id,
        c1_0.user_id 
    from
        cart c1_0 
    where
        c1_0.user_id=?
Hibernate: 
    select
        c1_0.id,
        c1_0.user_id 
    from
        cart c1_0 
    where
        c1_0.user_id=?
Hibernate: 
    select
        c1_0.id,
        c1_0.user_id 
    from
        cart c1_0 
    where
        c1_0.user_id=?
Hibernate: 
    select
        c1_0.id,
        c1_0.user_id 
    from
        cart c1_0 
    where
        c1_0.user_id=?
Hibernate: 
    select
        c1_0.id,
        c1_0.user_id 
    from
        cart c1_0 
    where
        c1_0.user_id=?
Hibernate: 
    select
        c1_0.id,
        c1_0.user_id 
    from
        cart c1_0 
    where
        c1_0.user_id=?
Hibernate: 
    select
        c1_0.id,
        c1_0.user_id 
    from
        cart c1_0 
    where
        c1_0.user_id=?
Hibernate: 
    select
        c1_0.id,
        c1_0.user_id 
    from
        cart c1_0 
    where
        c1_0.user_id=?
Hibernate: 
    select
        c1_0.id,
        c1_0.user_id 
    from
        cart c1_0 
    where
        c1_0.user_id=?
Hibernate: 
    select
        c1_0.id,
        c1_0.user_id 
    from
        cart c1_0 
    where
        c1_0.user_id=?
Hibernate: 
    select
        uci1_0.cart_id,
        uci1_0.id,
        p1_0.prod_id,
        case 
            when p1_1.prod_id is not null 
                then 1 
            when p1_2.prod_id is not null 
                then 2 
            when p1_3.prod_id is not null 
                then 3 
            end,
            p1_0.version,
            p1_0.prod_category,
            p1_0.prod_name,
            p1_0.prod_price,
            p1_0.prod_stock,
            p1_0.prod_type,
            p1_1.prod_color,
            p1_1.prod_size,
            p1_2.product_version,
            p1_2.warranty_elegible,
            p1_2.warranty_period,
            p1_3.expiry_date,
            p1_3.calories,
            p1_3.carbs,
            p1_3.fat,
            p1_3.protein,
            uci1_0.quantity 
        from
            cart_item uci1_0 
        left join
            (product p1_0 
        left join
            clothing p1_1 
                on p1_0.prod_id=p1_1.prod_id 
        left join
            electronics p1_2 
                on p1_0.prod_id=p1_2.prod_id 
        left join
            food p1_3 
                on p1_0.prod_id=p1_3.prod_id) 
            on p1_0.prod_id=uci1_0.prod_id 
        where
            uci1_0.cart_id=?
Hibernate: 
    select
        uci1_0.cart_id,
        uci1_0.id,
        p1_0.prod_id,
        case 
            when p1_1.prod_id is not null 
                then 1 
            when p1_2.prod_id is not null 
                then 2 
            when p1_3.prod_id is not null 
                then 3 
            end,
            p1_0.version,
            p1_0.prod_category,
            p1_0.prod_name,
            p1_0.prod_price,
            p1_0.prod_stock,
            p1_0.prod_type,
            p1_1.prod_color,
            p1_1.prod_size,
            p1_2.product_version,
            p1_2.warranty_elegible,
            p1_2.warranty_period,
            p1_3.expiry_date,
            p1_3.calories,
            p1_3.carbs,
            p1_3.fat,
            p1_3.protein,
            uci1_0.quantity 
        from
            cart_item uci1_0 
        left join
            (product p1_0 
        left join
            clothing p1_1 
                on p1_0.prod_id=p1_1.prod_id 
        left join
            electronics p1_2 
                on p1_0.prod_id=p1_2.prod_id 
        left join
            food p1_3 
                on p1_0.prod_id=p1_3.prod_id) 
            on p1_0.prod_id=uci1_0.prod_id 
        where
            uci1_0.cart_id=?
Hibernate: 
    select
        uci1_0.cart_id,
        uci1_0.id,
        p1_0.prod_id,
        case 
            when p1_1.prod_id is not null 
                then 1 
            when p1_2.prod_id is not null 
                then 2 
            when p1_3.prod_id is not null 
                then 3 
            end,
            p1_0.version,
            p1_0.prod_category,
            p1_0.prod_name,
            p1_0.prod_price,
            p1_0.prod_stock,
            p1_0.prod_type,
            p1_1.prod_color,
            p1_1.prod_size,
            p1_2.product_version,
            p1_2.warranty_elegible,
            p1_2.warranty_period,
            p1_3.expiry_date,
            p1_3.calories,
            p1_3.carbs,
            p1_3.fat,
            p1_3.protein,
            uci1_0.quantity 
        from
            cart_item uci1_0 
        left join
            (product p1_0 
        left join
            clothing p1_1 
                on p1_0.prod_id=p1_1.prod_id 
        left join
            electronics p1_2 
                on p1_0.prod_id=p1_2.prod_id 
        left join
            food p1_3 
                on p1_0.prod_id=p1_3.prod_id) 
            on p1_0.prod_id=uci1_0.prod_id 
        where
            uci1_0.cart_id=?
Hibernate: 
    select
        uci1_0.cart_id,
        uci1_0.id,
        p1_0.prod_id,
        case 
            when p1_1.prod_id is not null 
                then 1 
            when p1_2.prod_id is not null 
                then 2 
            when p1_3.prod_id is not null 
                then 3 
            end,
            p1_0.version,
            p1_0.prod_category,
            p1_0.prod_name,
            p1_0.prod_price,
            p1_0.prod_stock,
            p1_0.prod_type,
            p1_1.prod_color,
            p1_1.prod_size,
            p1_2.product_version,
            p1_2.warranty_elegible,
            p1_2.warranty_period,
            p1_3.expiry_date,
            p1_3.calories,
            p1_3.carbs,
            p1_3.fat,
            p1_3.protein,
            uci1_0.quantity 
        from
            cart_item uci1_0 
        left join
            (product p1_0 
        left join
            clothing p1_1 
                on p1_0.prod_id=p1_1.prod_id 
        left join
            electronics p1_2 
                on p1_0.prod_id=p1_2.prod_id 
        left join
            food p1_3 
                on p1_0.prod_id=p1_3.prod_id) 
            on p1_0.prod_id=uci1_0.prod_id 
        where
            uci1_0.cart_id=?
Hibernate: 
    select
        uci1_0.cart_id,
        uci1_0.id,
        p1_0.prod_id,
        case 
            when p1_1.prod_id is not null 
                then 1 
            when p1_2.prod_id is not null 
                then 2 
            when p1_3.prod_id is not null 
                then 3 
            end,
            p1_0.version,
            p1_0.prod_category,
            p1_0.prod_name,
            p1_0.prod_price,
            p1_0.prod_stock,
            p1_0.prod_type,
            p1_1.prod_color,
            p1_1.prod_size,
            p1_2.product_version,
            p1_2.warranty_elegible,
            p1_2.warranty_period,
            p1_3.expiry_date,
            p1_3.calories,
            p1_3.carbs,
            p1_3.fat,
            p1_3.protein,
            uci1_0.quantity 
        from
            cart_item uci1_0 
        left join
            (product p1_0 
        left join
            clothing p1_1 
                on p1_0.prod_id=p1_1.prod_id 
        left join
            electronics p1_2 
                on p1_0.prod_id=p1_2.prod_id 
        left join
            food p1_3 
                on p1_0.prod_id=p1_3.prod_id) 
            on p1_0.prod_id=uci1_0.prod_id 
        where
            uci1_0.cart_id=?
Hibernate: 
    select
        uci1_0.cart_id,
        uci1_0.id,
        p1_0.prod_id,
        case 
            when p1_1.prod_id is not null 
                then 1 
            when p1_2.prod_id is not null 
                then 2 
            when p1_3.prod_id is not null 
                then 3 
            end,
            p1_0.version,
            p1_0.prod_category,
            p1_0.prod_name,
            p1_0.prod_price,
            p1_0.prod_stock,
            p1_0.prod_type,
            p1_1.prod_color,
            p1_1.prod_size,
            p1_2.product_version,
            p1_2.warranty_elegible,
            p1_2.warranty_period,
            p1_3.expiry_date,
            p1_3.calories,
            p1_3.carbs,
            p1_3.fat,
            p1_3.protein,
            uci1_0.quantity 
        from
            cart_item uci1_0 
        left join
            (product p1_0 
        left join
            clothing p1_1 
                on p1_0.prod_id=p1_1.prod_id 
        left join
            electronics p1_2 
                on p1_0.prod_id=p1_2.prod_id 
        left join
            food p1_3 
                on p1_0.prod_id=p1_3.prod_id) 
            on p1_0.prod_id=uci1_0.prod_id 
        where
            uci1_0.cart_id=?
Hibernate: 
    select
        uci1_0.cart_id,
        uci1_0.id,
        p1_0.prod_id,
        case 
            when p1_1.prod_id is not null 
                then 1 
            when p1_2.prod_id is not null 
                then 2 
            when p1_3.prod_id is not null 
                then 3 
            end,
            p1_0.version,
            p1_0.prod_category,
            p1_0.prod_name,
            p1_0.prod_price,
            p1_0.prod_stock,
            p1_0.prod_type,
            p1_1.prod_color,
            p1_1.prod_size,
            p1_2.product_version,
            p1_2.warranty_elegible,
            p1_2.warranty_period,
            p1_3.expiry_date,
            p1_3.calories,
            p1_3.carbs,
            p1_3.fat,
            p1_3.protein,
            uci1_0.quantity 
        from
            cart_item uci1_0 
        left join
            (product p1_0 
        left join
            clothing p1_1 
                on p1_0.prod_id=p1_1.prod_id 
        left join
            electronics p1_2 
                on p1_0.prod_id=p1_2.prod_id 
        left join
            food p1_3 
                on p1_0.prod_id=p1_3.prod_id) 
            on p1_0.prod_id=uci1_0.prod_id 
        where
            uci1_0.cart_id=?
Hibernate: 
    select
        uci1_0.cart_id,
        uci1_0.id,
        p1_0.prod_id,
        case 
            when p1_1.prod_id is not null 
                then 1 
            when p1_2.prod_id is not null 
                then 2 
            when p1_3.prod_id is not null 
                then 3 
            end,
            p1_0.version,
            p1_0.prod_category,
            p1_0.prod_name,
            p1_0.prod_price,
            p1_0.prod_stock,
            p1_0.prod_type,
            p1_1.prod_color,
            p1_1.prod_size,
            p1_2.product_version,
            p1_2.warranty_elegible,
            p1_2.warranty_period,
            p1_3.expiry_date,
            p1_3.calories,
            p1_3.carbs,
            p1_3.fat,
            p1_3.protein,
            uci1_0.quantity 
        from
            cart_item uci1_0 
        left join
            (product p1_0 
        left join
            clothing p1_1 
                on p1_0.prod_id=p1_1.prod_id 
        left join
            electronics p1_2 
                on p1_0.prod_id=p1_2.prod_id 
        left join
            food p1_3 
                on p1_0.prod_id=p1_3.prod_id) 
            on p1_0.prod_id=uci1_0.prod_id 
        where
            uci1_0.cart_id=?
Hibernate: 
    select
        uci1_0.cart_id,
        uci1_0.id,
        p1_0.prod_id,
        case 
            when p1_1.prod_id is not null 
                then 1 
            when p1_2.prod_id is not null 
                then 2 
            when p1_3.prod_id is not null 
                then 3 
            end,
            p1_0.version,
            p1_0.prod_category,
            p1_0.prod_name,
            p1_0.prod_price,
            p1_0.prod_stock,
            p1_0.prod_type,
            p1_1.prod_color,
            p1_1.prod_size,
            p1_2.product_version,
            p1_2.warranty_elegible,
            p1_2.warranty_period,
            p1_3.expiry_date,
            p1_3.calories,
            p1_3.carbs,
            p1_3.fat,
            p1_3.protein,
            uci1_0.quantity 
        from
            cart_item uci1_0 
        left join
            (product p1_0 
        left join
            clothing p1_1 
                on p1_0.prod_id=p1_1.prod_id 
        left join
            electronics p1_2 
                on p1_0.prod_id=p1_2.prod_id 
        left join
            food p1_3 
                on p1_0.prod_id=p1_3.prod_id) 
            on p1_0.prod_id=uci1_0.prod_id 
        where
            uci1_0.cart_id=?
Hibernate: 
    select
        uci1_0.cart_id,
        uci1_0.id,
        p1_0.prod_id,
        case 
            when p1_1.prod_id is not null 
                then 1 
            when p1_2.prod_id is not null 
                then 2 
            when p1_3.prod_id is not null 
                then 3 
            end,
            p1_0.version,
            p1_0.prod_category,
            p1_0.prod_name,
            p1_0.prod_price,
            p1_0.prod_stock,
            p1_0.prod_type,
            p1_1.prod_color,
            p1_1.prod_size,
            p1_2.product_version,
            p1_2.warranty_elegible,
            p1_2.warranty_period,
            p1_3.expiry_date,
            p1_3.calories,
            p1_3.carbs,
            p1_3.fat,
            p1_3.protein,
            uci1_0.quantity 
        from
            cart_item uci1_0 
        left join
            (product p1_0 
        left join
            clothing p1_1 
                on p1_0.prod_id=p1_1.prod_id 
        left join
            electronics p1_2 
                on p1_0.prod_id=p1_2.prod_id 
        left join
            food p1_3 
                on p1_0.prod_id=p1_3.prod_id) 
            on p1_0.prod_id=uci1_0.prod_id 
        where
            uci1_0.cart_id=?
Hibernate: 
    select
        next value for customer_orders_seq
Hibernate: 
    select
        next value for customer_orders_seq
Hibernate: 
    select
        next value for order_item_seq
Hibernate: 
    select
        next value for order_item_seq
Hibernate: 
    select
        p1_0.prod_id,
        case 
            when p1_1.prod_id is not null 
                then 1 
            when p1_2.prod_id is not null 
                then 2 
            when p1_3.prod_id is not null 
                then 3 
            end,
            p1_0.version,
            p1_0.prod_category,
            p1_0.prod_name,
            p1_0.prod_price,
            p1_0.prod_stock,
            p1_0.prod_type,
            p1_1.prod_color,
            p1_1.prod_size,
            p1_2.product_version,
            p1_2.warranty_elegible,
            p1_2.warranty_period,
            p1_3.expiry_date,
            p1_3.calories,
            p1_3.carbs,
            p1_3.fat,
            p1_3.protein 
        from
            product p1_0 
        left join
            clothing p1_1 
                on p1_0.prod_id=p1_1.prod_id 
        left join
            electronics p1_2 
                on p1_0.prod_id=p1_2.prod_id 
        left join
            food p1_3 
                on p1_0.prod_id=p1_3.prod_id 
        where
            p1_0.prod_id=? for update
Hibernate: 
    select
        p1_0.prod_id,
        case 
            when p1_1.prod_id is not null 
                then 1 
            when p1_2.prod_id is not null 
                then 2 
            when p1_3.prod_id is not null 
                then 3 
            end,
            p1_0.version,
            p1_0.prod_category,
            p1_0.prod_name,
            p1_0.prod_price,
            p1_0.prod_stock,
            p1_0.prod_type,
            p1_1.prod_color,
            p1_1.prod_size,
            p1_2.product_version,
            p1_2.warranty_elegible,
            p1_2.warranty_period,
            p1_3.expiry_date,
            p1_3.calories,
            p1_3.carbs,
            p1_3.fat,
            p1_3.protein 
        from
            product p1_0 
        left join
            clothing p1_1 
                on p1_0.prod_id=p1_1.prod_id 
        left join
            electronics p1_2 
                on p1_0.prod_id=p1_2.prod_id 
        left join
            food p1_3 
                on p1_0.prod_id=p1_3.prod_id 
        where
            p1_0.prod_id=? for update
Hibernate: 
    select
        p1_0.prod_id,
        case 
            when p1_1.prod_id is not null 
                then 1 
            when p1_2.prod_id is not null 
                then 2 
            when p1_3.prod_id is not null 
                then 3 
            end,
            p1_0.version,
            p1_0.prod_category,
            p1_0.prod_name,
            p1_0.prod_price,
            p1_0.prod_stock,
            p1_0.prod_type,
            p1_1.prod_color,
            p1_1.prod_size,
            p1_2.product_version,
            p1_2.warranty_elegible,
            p1_2.warranty_period,
            p1_3.expiry_date,
            p1_3.calories,
            p1_3.carbs,
            p1_3.fat,
            p1_3.protein 
        from
            product p1_0 
        left join
            clothing p1_1 
                on p1_0.prod_id=p1_1.prod_id 
        left join
            electronics p1_2 
                on p1_0.prod_id=p1_2.prod_id 
        left join
            food p1_3 
                on p1_0.prod_id=p1_3.prod_id 
        where
            p1_0.prod_id=? for update
Hibernate: 
    select
        p1_0.prod_id,
        case 
            when p1_1.prod_id is not null 
                then 1 
            when p1_2.prod_id is not null 
                then 2 
            when p1_3.prod_id is not null 
                then 3 
            end,
            p1_0.version,
            p1_0.prod_category,
            p1_0.prod_name,
            p1_0.prod_price,
            p1_0.prod_stock,
            p1_0.prod_type,
            p1_1.prod_color,
            p1_1.prod_size,
            p1_2.product_version,
            p1_2.warranty_elegible,
            p1_2.warranty_period,
            p1_3.expiry_date,
            p1_3.calories,
            p1_3.carbs,
            p1_3.fat,
            p1_3.protein 
        from
            product p1_0 
        left join
            clothing p1_1 
                on p1_0.prod_id=p1_1.prod_id 
        left join
            electronics p1_2 
                on p1_0.prod_id=p1_2.prod_id 
        left join
            food p1_3 
                on p1_0.prod_id=p1_3.prod_id 
        where
            p1_0.prod_id=? for update
Hibernate: 
    select
        p1_0.prod_id,
        case 
            when p1_1.prod_id is not null 
                then 1 
            when p1_2.prod_id is not null 
                then 2 
            when p1_3.prod_id is not null 
                then 3 
            end,
            p1_0.version,
            p1_0.prod_category,
            p1_0.prod_name,
            p1_0.prod_price,
            p1_0.prod_stock,
            p1_0.prod_type,
            p1_1.prod_color,
            p1_1.prod_size,
            p1_2.product_version,
            p1_2.warranty_elegible,
            p1_2.warranty_period,
            p1_3.expiry_date,
            p1_3.calories,
            p1_3.carbs,
            p1_3.fat,
            p1_3.protein 
        from
            product p1_0 
        left join
            clothing p1_1 
                on p1_0.prod_id=p1_1.prod_id 
        left join
            electronics p1_2 
                on p1_0.prod_id=p1_2.prod_id 
        left join
            food p1_3 
                on p1_0.prod_id=p1_3.prod_id 
        where
            p1_0.prod_id=? for update
Hibernate: 
    select
        p1_0.prod_id,
        case 
            when p1_1.prod_id is not null 
                then 1 
            when p1_2.prod_id is not null 
                then 2 
            when p1_3.prod_id is not null 
                then 3 
            end,
            p1_0.version,
            p1_0.prod_category,
            p1_0.prod_name,
            p1_0.prod_price,
            p1_0.prod_stock,
            p1_0.prod_type,
            p1_1.prod_color,
            p1_1.prod_size,
            p1_2.product_version,
            p1_2.warranty_elegible,
            p1_2.warranty_period,
            p1_3.expiry_date,
            p1_3.calories,
            p1_3.carbs,
            p1_3.fat,
            p1_3.protein 
        from
            product p1_0 
        left join
            clothing p1_1 
                on p1_0.prod_id=p1_1.prod_id 
        left join
            electronics p1_2 
                on p1_0.prod_id=p1_2.prod_id 
        left join
            food p1_3 
                on p1_0.prod_id=p1_3.prod_id 
        where
            p1_0.prod_id=? for update
Hibernate: 
    select
        p1_0.prod_id,
        case 
            when p1_1.prod_id is not null 
                then 1 
            when p1_2.prod_id is not null 
                then 2 
            when p1_3.prod_id is not null 
                then 3 
            end,
            p1_0.version,
            p1_0.prod_category,
            p1_0.prod_name,
            p1_0.prod_price,
            p1_0.prod_stock,
            p1_0.prod_type,
            p1_1.prod_color,
            p1_1.prod_size,
            p1_2.product_version,
            p1_2.warranty_elegible,
            p1_2.warranty_period,
            p1_3.expiry_date,
            p1_3.calories,
            p1_3.carbs,
            p1_3.fat,
            p1_3.protein 
        from
            product p1_0 
        left join
            clothing p1_1 
                on p1_0.prod_id=p1_1.prod_id 
        left join
            electronics p1_2 
                on p1_0.prod_id=p1_2.prod_id 
        left join
            food p1_3 
                on p1_0.prod_id=p1_3.prod_id 
        where
            p1_0.prod_id=? for update
Hibernate: 
    select
        p1_0.prod_id,
        case 
            when p1_1.prod_id is not null 
                then 1 
            when p1_2.prod_id is not null 
                then 2 
            when p1_3.prod_id is not null 
                then 3 
            end,
            p1_0.version,
            p1_0.prod_category,
            p1_0.prod_name,
            p1_0.prod_price,
            p1_0.prod_stock,
            p1_0.prod_type,
            p1_1.prod_color,
            p1_1.prod_size,
            p1_2.product_version,
            p1_2.warranty_elegible,
            p1_2.warranty_period,
            p1_3.expiry_date,
            p1_3.calories,
            p1_3.carbs,
            p1_3.fat,
            p1_3.protein 
        from
            product p1_0 
        left join
            clothing p1_1 
                on p1_0.prod_id=p1_1.prod_id 
        left join
            electronics p1_2 
                on p1_0.prod_id=p1_2.prod_id 
        left join
            food p1_3 
                on p1_0.prod_id=p1_3.prod_id 
        where
            p1_0.prod_id=? for update
Hibernate: 
    select
        p1_0.prod_id,
        case 
            when p1_1.prod_id is not null 
                then 1 
            when p1_2.prod_id is not null 
                then 2 
            when p1_3.prod_id is not null 
                then 3 
            end,
            p1_0.version,
            p1_0.prod_category,
            p1_0.prod_name,
            p1_0.prod_price,
            p1_0.prod_stock,
            p1_0.prod_type,
            p1_1.prod_color,
            p1_1.prod_size,
            p1_2.product_version,
            p1_2.warranty_elegible,
            p1_2.warranty_period,
            p1_3.expiry_date,
            p1_3.calories,
            p1_3.carbs,
            p1_3.fat,
            p1_3.protein 
        from
            product p1_0 
        left join
            clothing p1_1 
                on p1_0.prod_id=p1_1.prod_id 
        left join
            electronics p1_2 
                on p1_0.prod_id=p1_2.prod_id 
        left join
            food p1_3 
                on p1_0.prod_id=p1_3.prod_id 
        where
            p1_0.prod_id=? for update
Hibernate: 
    select
        p1_0.prod_id,
        case 
            when p1_1.prod_id is not null 
                then 1 
            when p1_2.prod_id is not null 
                then 2 
            when p1_3.prod_id is not null 
                then 3 
            end,
            p1_0.version,
            p1_0.prod_category,
            p1_0.prod_name,
            p1_0.prod_price,
            p1_0.prod_stock,
            p1_0.prod_type,
            p1_1.prod_color,
            p1_1.prod_size,
            p1_2.product_version,
            p1_2.warranty_elegible,
            p1_2.warranty_period,
            p1_3.expiry_date,
            p1_3.calories,
            p1_3.carbs,
            p1_3.fat,
            p1_3.protein 
        from
            product p1_0 
        left join
            clothing p1_1 
                on p1_0.prod_id=p1_1.prod_id 
        left join
            electronics p1_2 
                on p1_0.prod_id=p1_2.prod_id 
        left join
            food p1_3 
                on p1_0.prod_id=p1_3.prod_id 
        where
            p1_0.prod_id=? for update
Hibernate: 
    insert 
    into
        customer_orders
        (address, order_date, order_status, total, user_id, id) 
    values
        (?, ?, ?, ?, ?, ?)
Hibernate: 
    insert 
    into
        order_item
        (order_id, price_at_purchase, prod_id, quantity, order_item_id) 
    values
        (?, ?, ?, ?, ?)
Hibernate: 
    insert 
    into
        order_item
        (order_id, price_at_purchase, prod_id, quantity, order_item_id) 
    values
        (?, ?, ?, ?, ?)
Hibernate: 
    update
        product 
    set
        version=?,
        prod_category=?,
        prod_name=?,
        prod_price=?,
        prod_stock=?,
        prod_type=? 
    where
        prod_id=? 
        and version=?
Hibernate: 
    update
        customer_orders 
    set
        address=?,
        order_date=?,
        order_status=?,
        total=?,
        user_id=? 
    where
        id=?
Hibernate: 
    delete 
    from
        cart_item 
    where
        id=?
Hibernate: 
    select
        u1_0.user_id,
        u1_0.address,
        u1_0.city,
        u1_0.email,
        u1_0.fullname,
        u1_0.password,
        u1_0.state,
        u1_0.username,
        u1_0.zip 
    from
        users u1_0 
    where
        u1_0.username=?
Hibernate: 
    select
        c1_0.id,
        c1_0.user_id 
    from
        cart c1_0 
    where
        c1_0.user_id=?
Hibernate: 
    select
        uci1_0.cart_id,
        uci1_0.id,
        p1_0.prod_id,
        case 
            when p1_1.prod_id is not null 
                then 1 
            when p1_2.prod_id is not null 
                then 2 
            when p1_3.prod_id is not null 
                then 3 
            end,
            p1_0.version,
            p1_0.prod_category,
            p1_0.prod_name,
            p1_0.prod_price,
            p1_0.prod_stock,
            p1_0.prod_type,
            p1_1.prod_color,
            p1_1.prod_size,
            p1_2.product_version,
            p1_2.warranty_elegible,
            p1_2.warranty_period,
            p1_3.expiry_date,
            p1_3.calories,
            p1_3.carbs,
            p1_3.fat,
            p1_3.protein,
            uci1_0.quantity 
        from
            cart_item uci1_0 
        left join
            (product p1_0 
        left join
            clothing p1_1 
                on p1_0.prod_id=p1_1.prod_id 
        left join
            electronics p1_2 
                on p1_0.prod_id=p1_2.prod_id 
        left join
            food p1_3 
                on p1_0.prod_id=p1_3.prod_id) 
            on p1_0.prod_id=uci1_0.prod_id 
        where
            uci1_0.cart_id=?
Hibernate: 
    select
        p1_0.prod_id,
        case 
            when p1_1.prod_id is not null 
                then 1 
            when p1_2.prod_id is not null 
                then 2 
            when p1_3.prod_id is not null 
                then 3 
            end,
            p1_0.version,
            p1_0.prod_category,
            p1_0.prod_name,
            p1_0.prod_price,
            p1_0.prod_stock,
            p1_0.prod_type,
            p1_1.prod_color,
            p1_1.prod_size,
            p1_2.product_version,
            p1_2.warranty_elegible,
            p1_2.warranty_period,
            p1_3.expiry_date,
            p1_3.calories,
            p1_3.carbs,
            p1_3.fat,
            p1_3.protein 
        from
            product p1_0 
        left join
            clothing p1_1 
                on p1_0.prod_id=p1_1.prod_id 
        left join
            electronics p1_2 
                on p1_0.prod_id=p1_2.prod_id 
        left join
            food p1_3 
                on p1_0.prod_id=p1_3.prod_id 
        where
            p1_0.prod_id=? for update
Hibernate: 
    insert 
    into
        customer_orders
        (address, order_date, order_status, total, user_id, id) 
    values
        (?, ?, ?, ?, ?, ?)
Hibernate: 
    select
        u1_0.user_id,
        u1_0.address,
        u1_0.city,
        u1_0.email,
        u1_0.fullname,
        u1_0.password,
        u1_0.state,
        u1_0.username,
        u1_0.zip 
    from
        users u1_0 
    where
        u1_0.username=?
Hibernate: 
    insert 
    into
        order_item
        (order_id, price_at_purchase, prod_id, quantity, order_item_id) 
    values
        (?, ?, ?, ?, ?)
Hibernate: 
    select
        u1_0.user_id,
        u1_0.address,
        u1_0.city,
        u1_0.email,
        u1_0.fullname,
        u1_0.password,
        u1_0.state,
        u1_0.username,
        u1_0.zip 
    from
        users u1_0 
    where
        u1_0.username=?
Hibernate: 
    insert 
    into
        order_item
        (order_id, price_at_purchase, prod_id, quantity, order_item_id) 
    values
        (?, ?, ?, ?, ?)
Hibernate: 
    select
        u1_0.user_id,
        u1_0.address,
        u1_0.city,
        u1_0.email,
        u1_0.fullname,
        u1_0.password,
        u1_0.state,
        u1_0.username,
        u1_0.zip 
    from
        users u1_0 
    where
        u1_0.username=?
Hibernate: 
    update
        product 
    set
        version=?,
        prod_category=?,
        prod_name=?,
        prod_price=?,
        prod_stock=?,
        prod_type=? 
    where
        prod_id=? 
        and version=?
Hibernate: 
    select
        c1_0.id,
        c1_0.user_id 
    from
        cart c1_0 
    where
        c1_0.user_id=?
Hibernate: 
    update
        customer_orders 
    set
        address=?,
        order_date=?,
        order_status=?,
        total=?,
        user_id=? 
    where
        id=?
Hibernate: 
    select
        c1_0.id,
        c1_0.user_id 
    from
        cart c1_0 
    where
        c1_0.user_id=?
Hibernate: 
    select
        uci1_0.cart_id,
        uci1_0.id,
        p1_0.prod_id,
        case 
            when p1_1.prod_id is not null 
                then 1 
            when p1_2.prod_id is not null 
                then 2 
            when p1_3.prod_id is not null 
                then 3 
            end,
            p1_0.version,
            p1_0.prod_category,
            p1_0.prod_name,
            p1_0.prod_price,
            p1_0.prod_stock,
            p1_0.prod_type,
            p1_1.prod_color,
            p1_1.prod_size,
            p1_2.product_version,
            p1_2.warranty_elegible,
            p1_2.warranty_period,
            p1_3.expiry_date,
            p1_3.calories,
            p1_3.carbs,
            p1_3.fat,
            p1_3.protein,
            uci1_0.quantity 
        from
            cart_item uci1_0 
        left join
            (product p1_0 
        left join
            clothing p1_1 
                on p1_0.prod_id=p1_1.prod_id 
        left join
            electronics p1_2 
                on p1_0.prod_id=p1_2.prod_id 
        left join
            food p1_3 
                on p1_0.prod_id=p1_3.prod_id) 
            on p1_0.prod_id=uci1_0.prod_id 
        where
            uci1_0.cart_id=?
Hibernate: 
    select
        c1_0.id,
        c1_0.user_id 
    from
        cart c1_0 
    where
        c1_0.user_id=?
Hibernate: 
    delete 
    from
        cart_item 
    where
        id=?
Hibernate: 
    select
        uci1_0.cart_id,
        uci1_0.id,
        p1_0.prod_id,
        case 
            when p1_1.prod_id is not null 
                then 1 
            when p1_2.prod_id is not null 
                then 2 
            when p1_3.prod_id is not null 
                then 3 
            end,
            p1_0.version,
            p1_0.prod_category,
            p1_0.prod_name,
            p1_0.prod_price,
            p1_0.prod_stock,
            p1_0.prod_type,
            p1_1.prod_color,
            p1_1.prod_size,
            p1_2.product_version,
            p1_2.warranty_elegible,
            p1_2.warranty_period,
            p1_3.expiry_date,
            p1_3.calories,
            p1_3.carbs,
            p1_3.fat,
            p1_3.protein,
            uci1_0.quantity 
        from
            cart_item uci1_0 
        left join
            (product p1_0 
        left join
            clothing p1_1 
                on p1_0.prod_id=p1_1.prod_id 
        left join
            electronics p1_2 
                on p1_0.prod_id=p1_2.prod_id 
        left join
            food p1_3 
                on p1_0.prod_id=p1_3.prod_id) 
            on p1_0.prod_id=uci1_0.prod_id 
        where
            uci1_0.cart_id=?
Hibernate: 
    select
        uci1_0.cart_id,
        uci1_0.id,
        p1_0.prod_id,
        case 
            when p1_1.prod_id is not null 
                then 1 
            when p1_2.prod_id is not null 
                then 2 
            when p1_3.prod_id is not null 
                then 3 
            end,
            p1_0.version,
            p1_0.prod_category,
            p1_0.prod_name,
            p1_0.prod_price,
            p1_0.prod_stock,
            p1_0.prod_type,
            p1_1.prod_color,
            p1_1.prod_size,
            p1_2.product_version,
            p1_2.warranty_elegible,
            p1_2.warranty_period,
            p1_3.expiry_date,
            p1_3.calories,
            p1_3.carbs,
            p1_3.fat,
            p1_3.protein,
            uci1_0.quantity 
        from
            cart_item uci1_0 
        left join
            (product p1_0 
        left join
            clothing p1_1 
                on p1_0.prod_id=p1_1.prod_id 
        left join
            electronics p1_2 
                on p1_0.prod_id=p1_2.prod_id 
        left join
            food p1_3 
                on p1_0.prod_id=p1_3.prod_id) 
            on p1_0.prod_id=uci1_0.prod_id 
        where
            uci1_0.cart_id=?
Hibernate: 
    select
        u1_0.user_id,
        u1_0.address,
        u1_0.city,
        u1_0.email,
        u1_0.fullname,
        u1_0.password,
        u1_0.state,
        u1_0.username,
        u1_0.zip 
    from
        users u1_0 
    where
        u1_0.username=?
Hibernate: 
    select
        u1_0.user_id,
        u1_0.address,
        u1_0.city,
        u1_0.email,
        u1_0.fullname,
        u1_0.password,
        u1_0.state,
        u1_0.username,
        u1_0.zip 
    from
        users u1_0 
    where
        u1_0.username=?
Hibernate: 
    select
        p1_0.prod_id,
        case 
            when p1_1.prod_id is not null 
                then 1 
            when p1_2.prod_id is not null 
                then 2 
            when p1_3.prod_id is not null 
                then 3 
            end,
            p1_0.version,
            p1_0.prod_category,
            p1_0.prod_name,
            p1_0.prod_price,
            p1_0.prod_stock,
            p1_0.prod_type,
            p1_1.prod_color,
            p1_1.prod_size,
            p1_2.product_version,
            p1_2.warranty_elegible,
            p1_2.warranty_period,
            p1_3.expiry_date,
            p1_3.calories,
            p1_3.carbs,
            p1_3.fat,
            p1_3.protein 
        from
            product p1_0 
        left join
            clothing p1_1 
                on p1_0.prod_id=p1_1.prod_id 
        left join
            electronics p1_2 
                on p1_0.prod_id=p1_2.prod_id 
        left join
            food p1_3 
                on p1_0.prod_id=p1_3.prod_id 
        where
            p1_0.prod_id=? for update
Hibernate: 
    select
        p1_0.prod_id,
        case 
            when p1_1.prod_id is not null 
                then 1 
            when p1_2.prod_id is not null 
                then 2 
            when p1_3.prod_id is not null 
                then 3 
            end,
            p1_0.version,
            p1_0.prod_category,
            p1_0.prod_name,
            p1_0.prod_price,
            p1_0.prod_stock,
            p1_0.prod_type,
            p1_1.prod_color,
            p1_1.prod_size,
            p1_2.product_version,
            p1_2.warranty_elegible,
            p1_2.warranty_period,
            p1_3.expiry_date,
            p1_3.calories,
            p1_3.carbs,
            p1_3.fat,
            p1_3.protein 
        from
            product p1_0 
        left join
            clothing p1_1 
                on p1_0.prod_id=p1_1.prod_id 
        left join
            electronics p1_2 
                on p1_0.prod_id=p1_2.prod_id 
        left join
            food p1_3 
                on p1_0.prod_id=p1_3.prod_id 
        where
            p1_0.prod_id=? for update
Hibernate: 
    select
        u1_0.user_id,
        u1_0.address,
        u1_0.city,
        u1_0.email,
        u1_0.fullname,
        u1_0.password,
        u1_0.state,
        u1_0.username,
        u1_0.zip 
    from
        users u1_0 
    where
        u1_0.username=?
Hibernate: 
    select
        c1_0.id,
        c1_0.user_id 
    from
        cart c1_0 
    where
        c1_0.user_id=?
Hibernate: 
    select
        p1_0.prod_id,
        case 
            when p1_1.prod_id is not null 
                then 1 
            when p1_2.prod_id is not null 
                then 2 
            when p1_3.prod_id is not null 
                then 3 
            end,
            p1_0.version,
            p1_0.prod_category,
            p1_0.prod_name,
            p1_0.prod_price,
            p1_0.prod_stock,
            p1_0.prod_type,
            p1_1.prod_color,
            p1_1.prod_size,
            p1_2.product_version,
            p1_2.warranty_elegible,
            p1_2.warranty_period,
            p1_3.expiry_date,
            p1_3.calories,
            p1_3.carbs,
            p1_3.fat,
            p1_3.protein 
        from
            product p1_0 
        left join
            clothing p1_1 
                on p1_0.prod_id=p1_1.prod_id 
        left join
            electronics p1_2 
                on p1_0.prod_id=p1_2.prod_id 
        left join
            food p1_3 
                on p1_0.prod_id=p1_3.prod_id 
        where
            p1_0.prod_id=? for update
Hibernate: 
    select
        u1_0.user_id,
        u1_0.address,
        u1_0.city,
        u1_0.email,
        u1_0.fullname,
        u1_0.password,
        u1_0.state,
        u1_0.username,
        u1_0.zip 
    from
        users u1_0 
    where
        u1_0.username=?
Hibernate: 
    select
        uci1_0.cart_id,
        uci1_0.id,
        p1_0.prod_id,
        case 
            when p1_1.prod_id is not null 
                then 1 
            when p1_2.prod_id is not null 
                then 2 
            when p1_3.prod_id is not null 
                then 3 
            end,
            p1_0.version,
            p1_0.prod_category,
            p1_0.prod_name,
            p1_0.prod_price,
            p1_0.prod_stock,
            p1_0.prod_type,
            p1_1.prod_color,
            p1_1.prod_size,
            p1_2.product_version,
            p1_2.warranty_elegible,
            p1_2.warranty_period,
            p1_3.expiry_date,
            p1_3.calories,
            p1_3.carbs,
            p1_3.fat,
            p1_3.protein,
            uci1_0.quantity 
        from
            cart_item uci1_0 
        left join
            (product p1_0 
        left join
            clothing p1_1 
                on p1_0.prod_id=p1_1.prod_id 
        left join
            electronics p1_2 
                on p1_0.prod_id=p1_2.prod_id 
        left join
            food p1_3 
                on p1_0.prod_id=p1_3.prod_id) 
            on p1_0.prod_id=uci1_0.prod_id 
        where
            uci1_0.cart_id=?
Hibernate: 
    insert 
    into
        customer_orders
        (address, order_date, order_status, total, user_id, id) 
    values
        (?, ?, ?, ?, ?, ?)
Hibernate: 
    select
        c1_0.id,
        c1_0.user_id 
    from
        cart c1_0 
    where
        c1_0.user_id=?
Hibernate: 
    select
        c1_0.id,
        c1_0.user_id 
    from
        cart c1_0 
    where
        c1_0.user_id=?
Hibernate: 
    insert 
    into
        order_item
        (order_id, price_at_purchase, prod_id, quantity, order_item_id) 
    values
        (?, ?, ?, ?, ?)
Hibernate: 
    select
        c1_0.id,
        c1_0.user_id 
    from
        cart c1_0 
    where
        c1_0.user_id=?
Hibernate: 
    insert 
    into
        order_item
        (order_id, price_at_purchase, prod_id, quantity, order_item_id) 
    values
        (?, ?, ?, ?, ?)
Hibernate: 
    select
        uci1_0.cart_id,
        uci1_0.id,
        p1_0.prod_id,
        case 
            when p1_1.prod_id is not null 
                then 1 
            when p1_2.prod_id is not null 
                then 2 
            when p1_3.prod_id is not null 
                then 3 
            end,
            p1_0.version,
            p1_0.prod_category,
            p1_0.prod_name,
            p1_0.prod_price,
            p1_0.prod_stock,
            p1_0.prod_type,
            p1_1.prod_color,
            p1_1.prod_size,
            p1_2.product_version,
            p1_2.warranty_elegible,
            p1_2.warranty_period,
            p1_3.expiry_date,
            p1_3.calories,
            p1_3.carbs,
            p1_3.fat,
            p1_3.protein,
            uci1_0.quantity 
        from
            cart_item uci1_0 
        left join
            (product p1_0 
        left join
            clothing p1_1 
                on p1_0.prod_id=p1_1.prod_id 
        left join
            electronics p1_2 
                on p1_0.prod_id=p1_2.prod_id 
        left join
            food p1_3 
                on p1_0.prod_id=p1_3.prod_id) 
            on p1_0.prod_id=uci1_0.prod_id 
        where
            uci1_0.cart_id=?
Hibernate: 
    select
        p1_0.prod_id,
        case 
            when p1_1.prod_id is not null 
                then 1 
            when p1_2.prod_id is not null 
                then 2 
            when p1_3.prod_id is not null 
                then 3 
            end,
            p1_0.version,
            p1_0.prod_category,
            p1_0.prod_name,
            p1_0.prod_price,
            p1_0.prod_stock,
            p1_0.prod_type,
            p1_1.prod_color,
            p1_1.prod_size,
            p1_2.product_version,
            p1_2.warranty_elegible,
            p1_2.warranty_period,
            p1_3.expiry_date,
            p1_3.calories,
            p1_3.carbs,
            p1_3.fat,
            p1_3.protein 
        from
            product p1_0 
        left join
            clothing p1_1 
                on p1_0.prod_id=p1_1.prod_id 
        left join
            electronics p1_2 
                on p1_0.prod_id=p1_2.prod_id 
        left join
            food p1_3 
                on p1_0.prod_id=p1_3.prod_id 
        where
            p1_0.prod_id=? for update
Hibernate: 
    select
        uci1_0.cart_id,
        uci1_0.id,
        p1_0.prod_id,
        case 
            when p1_1.prod_id is not null 
                then 1 
            when p1_2.prod_id is not null 
                then 2 
            when p1_3.prod_id is not null 
                then 3 
            end,
            p1_0.version,
            p1_0.prod_category,
            p1_0.prod_name,
            p1_0.prod_price,
            p1_0.prod_stock,
            p1_0.prod_type,
            p1_1.prod_color,
            p1_1.prod_size,
            p1_2.product_version,
            p1_2.warranty_elegible,
            p1_2.warranty_period,
            p1_3.expiry_date,
            p1_3.calories,
            p1_3.carbs,
            p1_3.fat,
            p1_3.protein,
            uci1_0.quantity 
        from
            cart_item uci1_0 
        left join
            (product p1_0 
        left join
            clothing p1_1 
                on p1_0.prod_id=p1_1.prod_id 
        left join
            electronics p1_2 
                on p1_0.prod_id=p1_2.prod_id 
        left join
            food p1_3 
                on p1_0.prod_id=p1_3.prod_id) 
            on p1_0.prod_id=uci1_0.prod_id 
        where
            uci1_0.cart_id=?
Hibernate: 
    select
        uci1_0.cart_id,
        uci1_0.id,
        p1_0.prod_id,
        case 
            when p1_1.prod_id is not null 
                then 1 
            when p1_2.prod_id is not null 
                then 2 
            when p1_3.prod_id is not null 
                then 3 
            end,
            p1_0.version,
[...]
	at com.storeproject.service.Order.OrderService$$SpringCGLIB$$0.checkout(<generated>)
	at com.storeproject.service.Order.CheckoutServiceTest.lambda$concurrectCheckoutTest$0(CheckoutServiceTest.java:122)
	at java.base/java.util.concurrent.Executors$RunnableAdapter.call(Executors.java:545)
	at java.base/java.util.concurrent.FutureTask.run(FutureTask.java:328)
	at java.base/java.util.concurrent.ThreadPoolExecutor.runWorker(ThreadPoolExecutor.java:1090)
	at java.base/java.util.concurrent.ThreadPoolExecutor$Worker.run(ThreadPoolExecutor.java:614)
	at java.base/java.lang.Thread.run(Thread.java:1474)
com.storeproject.Exceptions.outOfStockException: This item is out of Stock
	at com.storeproject.service.Order.OrderItemService.createOrderItem(OrderItemService.java:58)
	at com.storeproject.service.Order.OrderService.checkout(OrderService.java:85)
	at java.base/jdk.internal.reflect.DirectMethodHandleAccessor.invoke(DirectMethodHandleAccessor.java:104)
	at java.base/java.lang.reflect.Method.invoke(Method.java:565)
	at org.springframework.aop.support.AopUtils.invokeJoinpointUsingReflection(AopUtils.java:354)
	at org.springframework.aop.framework.ReflectiveMethodInvocation.invokeJoinpoint(ReflectiveMethodInvocation.java:196)
	at org.springframework.aop.framework.ReflectiveMethodInvocation.proceed(ReflectiveMethodInvocation.java:163)
	at org.springframework.aop.framework.CglibAopProxy$CglibMethodInvocation.proceed(CglibAopProxy.java:768)
	at org.springframework.transaction.interceptor.TransactionInterceptor$1.proceedWithInvocation(TransactionInterceptor.java:123)
	at org.springframework.transaction.interceptor.TransactionAspectSupport.invokeWithinTransaction(TransactionAspectSupport.java:392)
	at org.springframework.transaction.interceptor.TransactionInterceptor.invoke(TransactionInterceptor.java:119)
	at org.springframework.aop.framework.ReflectiveMethodInvocation.proceed(ReflectiveMethodInvocation.java:184)
	at org.springframework.aop.framework.CglibAopProxy$CglibMethodInvocation.proceed(CglibAopProxy.java:768)
	at org.springframework.aop.framework.CglibAopProxy$DynamicAdvisedInterceptor.intercept(CglibAopProxy.java:720)
	at com.storeproject.service.Order.OrderService$$SpringCGLIB$$0.checkout(<generated>)
	at com.storeproject.service.Order.CheckoutServiceTest.lambda$concurrectCheckoutTest$0(CheckoutServiceTest.java:122)
	at java.base/java.util.concurrent.Executors$RunnableAdapter.call(Executors.java:545)
	at java.base/java.util.concurrent.FutureTask.run(FutureTask.java:328)
	at java.base/java.util.concurrent.ThreadPoolExecutor.runWorker(ThreadPoolExecutor.java:1090)
	at java.base/java.util.concurrent.ThreadPoolExecutor$Worker.run(ThreadPoolExecutor.java:614)
	at java.base/java.lang.Thread.run(Thread.java:1474)
com.storeproject.Exceptions.outOfStockException: This item is out of Stock
	at com.storeproject.service.Order.OrderItemService.createOrderItem(OrderItemService.java:58)
	at com.storeproject.service.Order.OrderService.checkout(OrderService.java:85)
	at java.base/jdk.internal.reflect.DirectMethodHandleAccessor.invoke(DirectMethodHandleAccessor.java:104)
	at java.base/java.lang.reflect.Method.invoke(Method.java:565)
	at org.springframework.aop.support.AopUtils.invokeJoinpointUsingReflection(AopUtils.java:354)
	at org.springframework.aop.framework.ReflectiveMethodInvocation.invokeJoinpoint(ReflectiveMethodInvocation.java:196)
	at org.springframework.aop.framework.ReflectiveMethodInvocation.proceed(ReflectiveMethodInvocation.java:163)
	at org.springframework.aop.framework.CglibAopProxy$CglibMethodInvocation.proceed(CglibAopProxy.java:768)
	at org.springframework.transaction.interceptor.TransactionInterceptor$1.proceedWithInvocation(TransactionInterceptor.java:123)
	at org.springframework.transaction.interceptor.TransactionAspectSupport.invokeWithinTransaction(TransactionAspectSupport.java:392)
	at org.springframework.transaction.interceptor.TransactionInterceptor.invoke(TransactionInterceptor.java:119)
	at org.springframework.aop.framework.ReflectiveMethodInvocation.proceed(ReflectiveMethodInvocation.java:184)
	at org.springframework.aop.framework.CglibAopProxy$CglibMethodInvocation.proceed(CglibAopProxy.java:768)
	at org.springframework.aop.framework.CglibAopProxy$DynamicAdvisedInterceptor.intercept(CglibAopProxy.java:720)
	at com.storeproject.service.Order.OrderService$$SpringCGLIB$$0.checkout(<generated>)
	at com.storeproject.service.Order.CheckoutServiceTest.lambda$concurrectCheckoutTest$0(CheckoutServiceTest.java:122)
	at java.base/java.util.concurrent.Executors$RunnableAdapter.call(Executors.java:545)
	at java.base/java.util.concurrent.FutureTask.run(FutureTask.java:328)
	at java.base/java.util.concurrent.ThreadPoolExecutor.runWorker(ThreadPoolExecutor.java:1090)
	at java.base/java.util.concurrent.ThreadPoolExecutor$Worker.run(ThreadPoolExecutor.java:614)
	at java.base/java.lang.Thread.run(Thread.java:1474)
com.storeproject.Exceptions.outOfStockException: This item is out of Stock
	at com.storeproject.service.Order.OrderItemService.createOrderItem(OrderItemService.java:58)
	at com.storeproject.service.Order.OrderService.checkout(OrderService.java:85)
	at java.base/jdk.internal.reflect.DirectMethodHandleAccessor.invoke(DirectMethodHandleAccessor.java:104)
	at java.base/java.lang.reflect.Method.invoke(Method.java:565)
	at org.springframework.aop.support.AopUtils.invokeJoinpointUsingReflection(AopUtils.java:354)
	at org.springframework.aop.framework.ReflectiveMethodInvocation.invokeJoinpoint(ReflectiveMethodInvocation.java:196)
	at org.springframework.aop.framework.ReflectiveMethodInvocation.proceed(ReflectiveMethodInvocation.java:163)
	at org.springframework.aop.framework.CglibAopProxy$CglibMethodInvocation.proceed(CglibAopProxy.java:768)
	at org.springframework.transaction.interceptor.TransactionInterceptor$1.proceedWithInvocation(TransactionInterceptor.java:123)
	at org.springframework.transaction.interceptor.TransactionAspectSupport.invokeWithinTransaction(TransactionAspectSupport.java:392)
	at org.springframework.transaction.interceptor.TransactionInterceptor.invoke(TransactionInterceptor.java:119)
	at org.springframework.aop.framework.ReflectiveMethodInvocation.proceed(ReflectiveMethodInvocation.java:184)
	at org.springframework.aop.framework.CglibAopProxy$CglibMethodInvocation.proceed(CglibAopProxy.java:768)
	at org.springframework.aop.framework.CglibAopProxy$DynamicAdvisedInterceptor.intercept(CglibAopProxy.java:720)
	at com.storeproject.service.Order.OrderService$$SpringCGLIB$$0.checkout(<generated>)
	at com.storeproject.service.Order.CheckoutServiceTest.lambda$concurrectCheckoutTest$0(CheckoutServiceTest.java:122)
	at java.base/java.util.concurrent.Executors$RunnableAdapter.call(Executors.java:545)
	at java.base/java.util.concurrent.FutureTask.run(FutureTask.java:328)
	at java.base/java.util.concurrent.ThreadPoolExecutor.runWorker(ThreadPoolExecutor.java:1090)
	at java.base/java.util.concurrent.ThreadPoolExecutor$Worker.run(ThreadPoolExecutor.java:614)
	at java.base/java.lang.Thread.run(Thread.java:1474)
com.storeproject.Exceptions.outOfStockException: This item is out of Stock
	at com.storeproject.service.Order.OrderItemService.createOrderItem(OrderItemService.java:58)
	at com.storeproject.service.Order.OrderService.checkout(OrderService.java:85)
	at java.base/jdk.internal.reflect.DirectMethodHandleAccessor.invoke(DirectMethodHandleAccessor.java:104)
	at java.base/java.lang.reflect.Method.invoke(Method.java:565)
	at org.springframework.aop.support.AopUtils.invokeJoinpointUsingReflection(AopUtils.java:354)
	at org.springframework.aop.framework.ReflectiveMethodInvocation.invokeJoinpoint(ReflectiveMethodInvocation.java:196)
	at org.springframework.aop.framework.ReflectiveMethodInvocation.proceed(ReflectiveMethodInvocation.java:163)
	at org.springframework.aop.framework.CglibAopProxy$CglibMethodInvocation.proceed(CglibAopProxy.java:768)
	at org.springframework.transaction.interceptor.TransactionInterceptor$1.proceedWithInvocation(TransactionInterceptor.java:123)
	at org.springframework.transaction.interceptor.TransactionAspectSupport.invokeWithinTransaction(TransactionAspectSupport.java:392)
	at org.springframework.transaction.interceptor.TransactionInterceptor.invoke(TransactionInterceptor.java:119)
	at org.springframework.aop.framework.ReflectiveMethodInvocation.proceed(ReflectiveMethodInvocation.java:184)
	at org.springframework.aop.framework.CglibAopProxy$CglibMethodInvocation.proceed(CglibAopProxy.java:768)
	at org.springframework.aop.framework.CglibAopProxy$DynamicAdvisedInterceptor.intercept(CglibAopProxy.java:720)
	at com.storeproject.service.Order.OrderService$$SpringCGLIB$$0.checkout(<generated>)
	at com.storeproject.service.Order.CheckoutServiceTest.lambda$concurrectCheckoutTest$0(CheckoutServiceTest.java:122)
	at java.base/java.util.concurrent.Executors$RunnableAdapter.call(Executors.java:545)
	at java.base/java.util.concurrent.FutureTask.run(FutureTask.java:328)
	at java.base/java.util.concurrent.ThreadPoolExecutor.runWorker(ThreadPoolExecutor.java:1090)
	at java.base/java.util.concurrent.ThreadPoolExecutor$Worker.run(ThreadPoolExecutor.java:614)
	at java.base/java.lang.Thread.run(Thread.java:1474)
com.storeproject.Exceptions.outOfStockException: This item is out of Stock
	at com.storeproject.service.Order.OrderItemService.createOrderItem(OrderItemService.java:58)
	at com.storeproject.service.Order.OrderService.checkout(OrderService.java:85)
	at java.base/jdk.internal.reflect.DirectMethodHandleAccessor.invoke(DirectMethodHandleAccessor.java:104)
	at java.base/java.lang.reflect.Method.invoke(Method.java:565)
	at org.springframework.aop.support.AopUtils.invokeJoinpointUsingReflection(AopUtils.java:354)
	at org.springframework.aop.framework.ReflectiveMethodInvocation.invokeJoinpoint(ReflectiveMethodInvocation.java:196)
	at org.springframework.aop.framework.ReflectiveMethodInvocation.proceed(ReflectiveMethodInvocation.java:163)
	at org.springframework.aop.framework.CglibAopProxy$CglibMethodInvocation.proceed(CglibAopProxy.java:768)
	at org.springframework.transaction.interceptor.TransactionInterceptor$1.proceedWithInvocation(TransactionInterceptor.java:123)
	at org.springframework.transaction.interceptor.TransactionAspectSupport.invokeWithinTransaction(TransactionAspectSupport.java:392)
	at org.springframework.transaction.interceptor.TransactionInterceptor.invoke(TransactionInterceptor.java:119)
	at org.springframework.aop.framework.ReflectiveMethodInvocation.proceed(ReflectiveMethodInvocation.java:184)
	at org.springframework.aop.framework.CglibAopProxy$CglibMethodInvocation.proceed(CglibAopProxy.java:768)
	at org.springframework.aop.framework.CglibAopProxy$DynamicAdvisedInterceptor.intercept(CglibAopProxy.java:720)
	at com.storeproject.service.Order.OrderService$$SpringCGLIB$$0.checkout(<generated>)
	at com.storeproject.service.Order.CheckoutServiceTest.lambda$concurrectCheckoutTest$0(CheckoutServiceTest.java:122)
	at java.base/java.util.concurrent.Executors$RunnableAdapter.call(Executors.java:545)
	at java.base/java.util.concurrent.FutureTask.run(FutureTask.java:328)
	at java.base/java.util.concurrent.ThreadPoolExecutor.runWorker(ThreadPoolExecutor.java:1090)
	at java.base/java.util.concurrent.ThreadPoolExecutor$Worker.run(ThreadPoolExecutor.java:614)
	at java.base/java.lang.Thread.run(Thread.java:1474)
com.storeproject.Exceptions.outOfStockException: This item is out of Stock
	at com.storeproject.service.Order.OrderItemService.createOrderItem(OrderItemService.java:58)
	at com.storeproject.service.Order.OrderService.checkout(OrderService.java:85)
	at java.base/jdk.internal.reflect.DirectMethodHandleAccessor.invoke(DirectMethodHandleAccessor.java:104)
	at java.base/java.lang.reflect.Method.invoke(Method.java:565)
	at org.springframework.aop.support.AopUtils.invokeJoinpointUsingReflection(AopUtils.java:354)
	at org.springframework.aop.framework.ReflectiveMethodInvocation.invokeJoinpoint(ReflectiveMethodInvocation.java:196)
	at org.springframework.aop.framework.ReflectiveMethodInvocation.proceed(ReflectiveMethodInvocation.java:163)
	at org.springframework.aop.framework.CglibAopProxy$CglibMethodInvocation.proceed(CglibAopProxy.java:768)
	at org.springframework.transaction.interceptor.TransactionInterceptor$1.proceedWithInvocation(TransactionInterceptor.java:123)
	at org.springframework.transaction.interceptor.TransactionAspectSupport.invokeWithinTransaction(TransactionAspectSupport.java:392)
	at org.springframework.transaction.interceptor.TransactionInterceptor.invoke(TransactionInterceptor.java:119)
	at org.springframework.aop.framework.ReflectiveMethodInvocation.proceed(ReflectiveMethodInvocation.java:184)
	at org.springframework.aop.framework.CglibAopProxy$CglibMethodInvocation.proceed(CglibAopProxy.java:768)
	at org.springframework.aop.framework.CglibAopProxy$DynamicAdvisedInterceptor.intercept(CglibAopProxy.java:720)
	at com.storeproject.service.Order.OrderService$$SpringCGLIB$$0.checkout(<generated>)
	at com.storeproject.service.Order.CheckoutServiceTest.lambda$concurrectCheckoutTest$0(CheckoutServiceTest.java:122)
	at java.base/java.util.concurrent.Executors$RunnableAdapter.call(Executors.java:545)
	at java.base/java.util.concurrent.FutureTask.run(FutureTask.java:328)
	at java.base/java.util.concurrent.ThreadPoolExecutor.runWorker(ThreadPoolExecutor.java:1090)
	at java.base/java.util.concurrent.ThreadPoolExecutor$Worker.run(ThreadPoolExecutor.java:614)
	at java.base/java.lang.Thread.run(Thread.java:1474)
com.storeproject.Exceptions.outOfStockException: This item is out of Stock
	at com.storeproject.service.Order.OrderItemService.createOrderItem(OrderItemService.java:58)
	at com.storeproject.service.Order.OrderService.checkout(OrderService.java:85)
	at java.base/jdk.internal.reflect.DirectMethodHandleAccessor.invoke(DirectMethodHandleAccessor.java:104)
	at java.base/java.lang.reflect.Method.invoke(Method.java:565)
	at org.springframework.aop.support.AopUtils.invokeJoinpointUsingReflection(AopUtils.java:354)
	at org.springframework.aop.framework.ReflectiveMethodInvocation.invokeJoinpoint(ReflectiveMethodInvocation.java:196)
	at org.springframework.aop.framework.ReflectiveMethodInvocation.proceed(ReflectiveMethodInvocation.java:163)
	at org.springframework.aop.framework.CglibAopProxy$CglibMethodInvocation.proceed(CglibAopProxy.java:768)
	at org.springframework.transaction.interceptor.TransactionInterceptor$1.proceedWithInvocation(TransactionInterceptor.java:123)
	at org.springframework.transaction.interceptor.TransactionAspectSupport.invokeWithinTransaction(TransactionAspectSupport.java:392)
	at org.springframework.transaction.interceptor.TransactionInterceptor.invoke(TransactionInterceptor.java:119)
	at org.springframework.aop.framework.ReflectiveMethodInvocation.proceed(ReflectiveMethodInvocation.java:184)
	at org.springframework.aop.framework.CglibAopProxy$CglibMethodInvocation.proceed(CglibAopProxy.java:768)
	at org.springframework.aop.framework.CglibAopProxy$DynamicAdvisedInterceptor.intercept(CglibAopProxy.java:720)
	at com.storeproject.service.Order.OrderService$$SpringCGLIB$$0.checkout(<generated>)
	at com.storeproject.service.Order.CheckoutServiceTest.lambda$concurrectCheckoutTest$0(CheckoutServiceTest.java:122)
	at java.base/java.util.concurrent.Executors$RunnableAdapter.call(Executors.java:545)
	at java.base/java.util.concurrent.FutureTask.run(FutureTask.java:328)
	at java.base/java.util.concurrent.ThreadPoolExecutor.runWorker(ThreadPoolExecutor.java:1090)
	at java.base/java.util.concurrent.ThreadPoolExecutor$Worker.run(ThreadPoolExecutor.java:614)
	at java.base/java.lang.Thread.run(Thread.java:1474)
com.storeproject.Exceptions.outOfStockException: This item is out of Stock
	at com.storeproject.service.Order.OrderItemService.createOrderItem(OrderItemService.java:58)
	at com.storeproject.service.Order.OrderService.checkout(OrderService.java:85)
	at java.base/jdk.internal.reflect.DirectMethodHandleAccessor.invoke(DirectMethodHandleAccessor.java:104)
	at java.base/java.lang.reflect.Method.invoke(Method.java:565)
	at org.springframework.aop.support.AopUtils.invokeJoinpointUsingReflection(AopUtils.java:354)
	at org.springframework.aop.framework.ReflectiveMethodInvocation.invokeJoinpoint(ReflectiveMethodInvocation.java:196)
	at org.springframework.aop.framework.ReflectiveMethodInvocation.proceed(ReflectiveMethodInvocation.java:163)
	at org.springframework.aop.framework.CglibAopProxy$CglibMethodInvocation.proceed(CglibAopProxy.java:768)
	at org.springframework.transaction.interceptor.TransactionInterceptor$1.proceedWithInvocation(TransactionInterceptor.java:123)
	at org.springframework.transaction.interceptor.TransactionAspectSupport.invokeWithinTransaction(TransactionAspectSupport.java:392)
	at org.springframework.transaction.interceptor.TransactionInterceptor.invoke(TransactionInterceptor.java:119)
	at org.springframework.aop.framework.ReflectiveMethodInvocation.proceed(ReflectiveMethodInvocation.java:184)
	at org.springframework.aop.framework.CglibAopProxy$CglibMethodInvocation.proceed(CglibAopProxy.java:768)
	at org.springframework.aop.framework.CglibAopProxy$DynamicAdvisedInterceptor.intercept(CglibAopProxy.java:720)
	at com.storeproject.service.Order.OrderService$$SpringCGLIB$$0.checkout(<generated>)
	at com.storeproject.service.Order.CheckoutServiceTest.lambda$concurrectCheckoutTest$0(CheckoutServiceTest.java:122)
	at java.base/java.util.concurrent.Executors$RunnableAdapter.call(Executors.java:545)
	at java.base/java.util.concurrent.FutureTask.run(FutureTask.java:328)
	at java.base/java.util.concurrent.ThreadPoolExecutor.runWorker(ThreadPoolExecutor.java:1090)
	at java.base/java.util.concurrent.ThreadPoolExecutor$Worker.run(ThreadPoolExecutor.java:614)
	at java.base/java.lang.Thread.run(Thread.java:1474)
com.storeproject.Exceptions.outOfStockException: This item is out of Stock
	at com.storeproject.service.Order.OrderItemService.createOrderItem(OrderItemService.java:58)
	at com.storeproject.service.Order.OrderService.checkout(OrderService.java:85)
	at java.base/jdk.internal.reflect.DirectMethodHandleAccessor.invoke(DirectMethodHandleAccessor.java:104)
	at java.base/java.lang.reflect.Method.invoke(Method.java:565)
	at org.springframework.aop.support.AopUtils.invokeJoinpointUsingReflection(AopUtils.java:354)
	at org.springframework.aop.framework.ReflectiveMethodInvocation.invokeJoinpoint(ReflectiveMethodInvocation.java:196)
	at org.springframework.aop.framework.ReflectiveMethodInvocation.proceed(ReflectiveMethodInvocation.java:163)
	at org.springframework.aop.framework.CglibAopProxy$CglibMethodInvocation.proceed(CglibAopProxy.java:768)
	at org.springframework.transaction.interceptor.TransactionInterceptor$1.proceedWithInvocation(TransactionInterceptor.java:123)
	at org.springframework.transaction.interceptor.TransactionAspectSupport.invokeWithinTransaction(TransactionAspectSupport.java:392)
	at org.springframework.transaction.interceptor.TransactionInterceptor.invoke(TransactionInterceptor.java:119)
	at org.springframework.aop.framework.ReflectiveMethodInvocation.proceed(ReflectiveMethodInvocation.java:184)
	at org.springframework.aop.framework.CglibAopProxy$CglibMethodInvocation.proceed(CglibAopProxy.java:768)
	at org.springframework.aop.framework.CglibAopProxy$DynamicAdvisedInterceptor.intercept(CglibAopProxy.java:720)
	at com.storeproject.service.Order.OrderService$$SpringCGLIB$$0.checkout(<generated>)
	at com.storeproject.service.Order.CheckoutServiceTest.lambda$concurrectCheckoutTest$0(CheckoutServiceTest.java:122)
	at java.base/java.util.concurrent.Executors$RunnableAdapter.call(Executors.java:545)
	at java.base/java.util.concurrent.FutureTask.run(FutureTask.java:328)
	at java.base/java.util.concurrent.ThreadPoolExecutor.runWorker(ThreadPoolExecutor.java:1090)
	at java.base/java.util.concurrent.ThreadPoolExecutor$Worker.run(ThreadPoolExecutor.java:614)
	at java.base/java.lang.Thread.run(Thread.java:1474)
]]></system-err>
  </testcase>
</testsuite>